In file included from [01m[K/home/mrstalford/ros2_ws/src/pavbot_imu/src/pavbot_imu.cpp:16[m[K:
[01m[K/home/mrstalford/ros2_ws/src/pavbot_imu/src/imu.h:[m[K In member function â€˜[01m[Kbool IMU::writeCommand(Command)[m[Kâ€™:
[01m[K/home/mrstalford/ros2_ws/src/pavbot_imu/src/imu.h:80:50:[m[K [01;31m[Kerror: [m[Kcannot convert â€˜[01m[KCommand[m[Kâ€™ to â€˜[01m[Kconst void*[m[Kâ€™
   80 |  bytesWritten = ::write(this->fd, [01;31m[Kc[m[K, sizeof(c));
      |                                   [01;31m[K^[m[K
      |                                   [01;31m[K|[m[K
      |                                   [01;31m[KCommand[m[K

In file included from [01m[K/usr/include/aarch64-linux-gnu/bits/sigstksz.h:24[m[K,
                 from [01m[K/usr/include/signal.h:328[m[K,
                 from [01m[K/usr/include/c++/11/csignal:42[m[K,
                 from [01m[K/opt/ros/humble/include/rclcpp/rclcpp/rclcpp.hpp:152[m[K,
                 from [01m[K/home/mrstalford/ros2_ws/src/pavbot_imu/src/pavbot_imu.cpp:11[m[K:
[01m[K/usr/include/unistd.h:378:45:[m[K [01;36m[Knote: [m[K  initializing argument 2 of â€˜[01m[Kssize_t write(int, const void*, size_t)[m[Kâ€™
  378 | ze_t write (int __fd, [01;36m[Kconst void *__buf[m[K, size_t __n) __wur
      |                       [01;36m[K~~~~~~~~~~~~^~~~~[m[K

gmake[2]: *** [CMakeFiles/pavbot_imu.dir/build.make:76: CMakeFiles/pavbot_imu.dir/src/pavbot_imu.cpp.o] Error 1
gmake[1]: *** [CMakeFiles/Makefile2:137: CMakeFiles/pavbot_imu.dir/all] Error 2
gmake: *** [Makefile:146: all] Error 2
