[0.083s] Invoking command in '/home/mrstalford/ros2_ws/src/pavbot_imu/build/pavbot_imu': CMAKE_PREFIX_PATH=${CMAKE_PREFIX_PATH}:/opt/ros/humble /usr/bin/cmake --build /home/mrstalford/ros2_ws/src/pavbot_imu/build/pavbot_imu -- -j4 -l4
[0.279s] [35m[1mConsolidate compiler generated dependencies of target pavbot_imu[0m
[0.386s] [ 50%] [32mBuilding CXX object CMakeFiles/pavbot_imu.dir/src/pavbot_imu.cpp.o[0m
[14.023s] In file included from [01m[K/home/mrstalford/ros2_ws/src/pavbot_imu/src/pavbot_imu.cpp:16[m[K:
[14.024s] [01m[K/home/mrstalford/ros2_ws/src/pavbot_imu/src/imu.h:[m[K In member function â€˜[01m[Kbool IMU::writeCommand(Command)[m[Kâ€™:
[14.032s] [01m[K/home/mrstalford/ros2_ws/src/pavbot_imu/src/imu.h:80:50:[m[K [01;31m[Kerror: [m[Kcannot convert â€˜[01m[KCommand[m[Kâ€™ to â€˜[01m[Kconst void*[m[Kâ€™
[14.036s]    80 |  bytesWritten = ::write(this->fd, [01;31m[Kc[m[K, sizeof(c));
[14.038s]       |                                   [01;31m[K^[m[K
[14.040s]       |                                   [01;31m[K|[m[K
[14.042s]       |                                   [01;31m[KCommand[m[K
[14.049s] 
[14.050s] In file included from [01m[K/usr/include/aarch64-linux-gnu/bits/sigstksz.h:24[m[K,
[14.052s]                  from [01m[K/usr/include/signal.h:328[m[K,
[14.053s]                  from [01m[K/usr/include/c++/11/csignal:42[m[K,
[14.054s]                  from [01m[K/opt/ros/humble/include/rclcpp/rclcpp/rclcpp.hpp:152[m[K,
[14.055s]                  from [01m[K/home/mrstalford/ros2_ws/src/pavbot_imu/src/pavbot_imu.cpp:11[m[K:
[14.055s] [01m[K/usr/include/unistd.h:378:45:[m[K [01;36m[Knote: [m[K  initializing argument 2 of â€˜[01m[Kssize_t write(int, const void*, size_t)[m[Kâ€™
[14.057s]   378 | ze_t write (int __fd, [01;36m[Kconst void *__buf[m[K, size_t __n) __wur
[14.058s]       |                       [01;36m[K~~~~~~~~~~~~^~~~~[m[K
[14.059s] 
[21.893s] gmake[2]: *** [CMakeFiles/pavbot_imu.dir/build.make:76: CMakeFiles/pavbot_imu.dir/src/pavbot_imu.cpp.o] Error 1
[21.895s] gmake[1]: *** [CMakeFiles/Makefile2:137: CMakeFiles/pavbot_imu.dir/all] Error 2
[21.897s] gmake: *** [Makefile:146: all] Error 2
[21.925s] Invoked command in '/home/mrstalford/ros2_ws/src/pavbot_imu/build/pavbot_imu' returned '2': CMAKE_PREFIX_PATH=${CMAKE_PREFIX_PATH}:/opt/ros/humble /usr/bin/cmake --build /home/mrstalford/ros2_ws/src/pavbot_imu/build/pavbot_imu -- -j4 -l4
