[0.084s] Invoking command in '/home/mrstalford/ros2_ws/src/pavbot_imu/build/pavbot_imu': CMAKE_PREFIX_PATH=${CMAKE_PREFIX_PATH}:/opt/ros/humble /usr/bin/cmake --build /home/mrstalford/ros2_ws/src/pavbot_imu/build/pavbot_imu -- -j4 -l4
[0.936s] [35m[1mConsolidate compiler generated dependencies of target pavbot_imu[0m
[1.229s] [ 50%] [32mBuilding CXX object CMakeFiles/pavbot_imu.dir/src/pavbot_imu.cpp.o[0m
[3.896s] In file included from [01m[K/home/mrstalford/ros2_ws/src/pavbot_imu/src/pavbot_imu.cpp:17[m[K:
[3.897s] [01m[K/home/mrstalford/ros2_ws/src/pavbot_imu/src/imu.h:14:10:[m[K [01;31m[Kfatal error: [m[Kimu_packet_builder.h: No such file or directory
[3.897s]    14 | #include [01;31m[K"imu_packet_builder.h"[m[K
[3.898s]       |          [01;31m[K^~~~~~~~~~~~~~~~~~~~~~[m[K
[3.898s] compilation terminated.
[3.906s] gmake[2]: *** [CMakeFiles/pavbot_imu.dir/build.make:76: CMakeFiles/pavbot_imu.dir/src/pavbot_imu.cpp.o] Error 1
[3.907s] gmake[1]: *** [CMakeFiles/Makefile2:137: CMakeFiles/pavbot_imu.dir/all] Error 2
[3.908s] gmake: *** [Makefile:146: all] Error 2
[3.915s] Invoked command in '/home/mrstalford/ros2_ws/src/pavbot_imu/build/pavbot_imu' returned '2': CMAKE_PREFIX_PATH=${CMAKE_PREFIX_PATH}:/opt/ros/humble /usr/bin/cmake --build /home/mrstalford/ros2_ws/src/pavbot_imu/build/pavbot_imu -- -j4 -l4
