[0.072s] Invoking command in '/home/mrstalford/ros2_ws/src/pavbot_imu/build/pavbot_imu': CMAKE_PREFIX_PATH=${CMAKE_PREFIX_PATH}:/opt/ros/humble /usr/bin/cmake --build /home/mrstalford/ros2_ws/src/pavbot_imu/build/pavbot_imu -- -j4 -l4
[0.293s] [35m[1mConsolidate compiler generated dependencies of target pavbot_imu[0m
[0.396s] [ 50%] [32mBuilding CXX object CMakeFiles/pavbot_imu.dir/src/pavbot_imu.cpp.o[0m
[10.623s] In file included from [01m[K/home/mrstalford/ros2_ws/src/pavbot_imu/src/imu.h:13[m[K,
[10.623s]                  from [01m[K/home/mrstalford/ros2_ws/src/pavbot_imu/src/pavbot_imu.cpp:16[m[K:
[10.624s] [01m[K/home/mrstalford/ros2_ws/src/pavbot_imu/src/imu_packet_builder.h:8:21:[m[K [01;31m[Kerror: [m[Kexpected â€˜[01m[K}[m[Kâ€™ before â€˜[01m[K;[m[Kâ€™ token
[10.624s]     8 |     StartByte = 0xF9[01;31m[K;[m[K
[10.624s]       |                     [01;31m[K^[m[K
[10.625s] [01m[K/home/mrstalford/ros2_ws/src/pavbot_imu/src/imu_packet_builder.h:6:33:[m[K [01;36m[Knote: [m[Kto match this â€˜[01m[K{[m[Kâ€™
[10.625s]     6 | enum class ImuCommand : uint8_t [01;36m[K{[m[K
[10.626s]       |                                 [01;36m[K^[m[K
[10.629s] [01m[K/home/mrstalford/ros2_ws/src/pavbot_imu/src/imu_packet_builder.h:9:5:[m[K [01;31m[Kerror: [m[Kâ€˜[01m[KResponseMask[m[Kâ€™ does not name a type
[10.631s]     9 |     [01;31m[KResponseMask[m[K = 0x80;
[10.632s]       |     [01;31m[K^~~~~~~~~~~~[m[K
[10.638s] [01m[K/home/mrstalford/ros2_ws/src/pavbot_imu/src/imu_packet_builder.h:12:5:[m[K [01;31m[Kerror: [m[Kâ€˜[01m[KGetEulerAngles[m[Kâ€™ does not name a type
[10.638s]    12 |     [01;31m[KGetEulerAngles[m[K = 0x01,
[10.639s]       |     [01;31m[K^~~~~~~~~~~~~~[m[K
[10.639s] [01m[K/home/mrstalford/ros2_ws/src/pavbot_imu/src/imu_packet_builder.h:17:1:[m[K [01;31m[Kerror: [m[Kexpected declaration before â€˜[01m[K}[m[Kâ€™ token
[10.640s]    17 | [01;31m[K}[m[K
[10.640s]       | [01;31m[K^[m[K
[10.641s] [01m[K/home/mrstalford/ros2_ws/src/pavbot_imu/src/imu_packet_builder.h:46:2:[m[K [01;31m[Kerror: [m[Kexpected â€˜[01m[K;[m[Kâ€™ after class definition
[10.641s]    46 | }
[10.642s]       |  [01;31m[K^[m[K
[10.642s]       |  [32m[K;[m[K
[10.649s] [01m[K/home/mrstalford/ros2_ws/src/pavbot_imu/src/imu_packet_builder.h:[m[K In member function â€˜[01m[Kstd::vector<unsigned char, std::allocator<unsigned char> > ImuPacketBuilder::build(ImuCommand, std::vector<unsigned int>)[m[Kâ€™:
[10.649s] [01m[K/home/mrstalford/ros2_ws/src/pavbot_imu/src/imu_packet_builder.h:24:25:[m[K [01;31m[Kerror: [m[Kno matching function for call to â€˜[01m[Kstd::vector<unsigned int>::push_back(ImuCommand)[m[Kâ€™
[10.649s]    24 |         [01;31m[Kpacket.push_back(ImuCommand::StartByte)[m[K;
[10.649s]       |         [01;31m[K~~~~~~~~~~~~~~~~^~~~~~~~~~~~~~~~~~~~~~~[m[K
[10.656s] In file included from [01m[K/usr/include/c++/11/vector:67[m[K,
[10.657s]                  from [01m[K/usr/include/c++/11/functional:62[m[K,
[10.657s]                  from [01m[K/usr/include/c++/11/pstl/glue_algorithm_defs.h:13[m[K,
[10.658s]                  from [01m[K/usr/include/c++/11/algorithm:74[m[K,
[10.658s]                  from [01m[K/opt/ros/humble/include/rclcpp/rclcpp/executor.hpp:18[m[K,
[10.659s]                  from [01m[K/opt/ros/humble/include/rclcpp/rclcpp/executors/multi_threaded_executor.hpp:25[m[K,
[10.660s]                  from [01m[K/opt/ros/humble/include/rclcpp/rclcpp/executors.hpp:21[m[K,
[10.660s]                  from [01m[K/opt/ros/humble/include/rclcpp/rclcpp/rclcpp.hpp:155[m[K,
[10.661s]                  from [01m[K/home/mrstalford/ros2_ws/src/pavbot_imu/src/pavbot_imu.cpp:11[m[K:
[10.661s] [01m[K/usr/include/c++/11/bits/stl_vector.h:1187:7:[m[K [01;36m[Knote: [m[Kcandidate: â€˜[01m[Kvoid std::vector<_Tp, _Alloc>::push_back(const value_type&) [with _Tp = unsigned int; _Alloc = std::allocator<unsigned int>; std::vector<_Tp, _Alloc>::value_type = unsigned int][m[Kâ€™
[10.662s]  1187 |       [01;36m[Kpush_back[m[K(const value_type& __x)
[10.662s]       |       [01;36m[K^~~~~~~~~[m[K
[10.663s] [01m[K/usr/include/c++/11/bits/stl_vector.h:1187:35:[m[K [01;36m[Knote: [m[K  no known conversion for argument 1 from â€˜[01m[KImuCommand[m[Kâ€™ to â€˜[01m[Kconst value_type&[m[Kâ€™ {aka â€˜[01m[Kconst unsigned int&[m[Kâ€™}
[10.663s]  1187 |       push_back([01;36m[Kconst value_type& __x[m[K)
[10.664s]       |                 [01;36m[K~~~~~~~~~~~~~~~~~~^~~[m[K
[10.664s] [01m[K/usr/include/c++/11/bits/stl_vector.h:1203:7:[m[K [01;36m[Knote: [m[Kcandidate: â€˜[01m[Kvoid std::vector<_Tp, _Alloc>::push_back(std::vector<_Tp, _Alloc>::value_type&&) [with _Tp = unsigned int; _Alloc = std::allocator<unsigned int>; std::vector<_Tp, _Alloc>::value_type = unsigned int][m[Kâ€™
[10.665s]  1203 |       [01;36m[Kpush_back[m[K(value_type&& __x)
[10.666s]       |       [01;36m[K^~~~~~~~~[m[K
[10.666s] [01m[K/usr/include/c++/11/bits/stl_vector.h:1203:30:[m[K [01;36m[Knote: [m[K  no known conversion for argument 1 from â€˜[01m[KImuCommand[m[Kâ€™ to â€˜[01m[Kstd::vector<unsigned int>::value_type&&[m[Kâ€™ {aka â€˜[01m[Kunsigned int&&[m[Kâ€™}
[10.667s]  1203 |       push_back([01;36m[Kvalue_type&& __x[m[K)
[10.667s]       |                 [01;36m[K~~~~~~~~~~~~~^~~[m[K
[10.668s] In file included from [01m[K/home/mrstalford/ros2_ws/src/pavbot_imu/src/imu.h:13[m[K,
[10.668s]                  from [01m[K/home/mrstalford/ros2_ws/src/pavbot_imu/src/pavbot_imu.cpp:16[m[K:
[10.669s] [01m[K/home/mrstalford/ros2_ws/src/pavbot_imu/src/imu_packet_builder.h:30:35:[m[K [01;31m[Kerror: [m[Kcannot convert â€˜[01m[Kvector<[01;32m[Kunsigned int[m[K,allocator<[01;32m[Kunsigned int[m[K>>[m[Kâ€™ to â€˜[01m[Kvector<[01;32m[Kunsigned char[m[K,allocator<[01;32m[Kunsigned char[m[K>>[m[Kâ€™
[10.670s]    30 |         packet.push_back(checksum([01;31m[Kpacket[m[K));
[10.670s]       |                                   [01;31m[K^~~~~~[m[K
[10.671s]       |                                   [01;31m[K|[m[K
[10.672s]       |                                   [01;31m[Kvector<unsigned int,allocator<unsigned int>>[m[K
[10.672s] [01m[K/home/mrstalford/ros2_ws/src/pavbot_imu/src/imu_packet_builder.h:36:43:[m[K [01;36m[Knote: [m[K  initializing argument 1 of â€˜[01m[Kuint8_t ImuPacketBuilder::checksum(std::vector<unsigned char, std::allocator<unsigned char> >)[m[Kâ€™
[10.673s]    36 | nt8_t checksum([01;36m[Kstd::vector<uint8_t> packet[m[K) {
[10.673s]       |                [01;36m[K~~~~~~~~~~~~~~~~~~~~~^~~~~~[m[K
[10.674s] 
[10.674s] [01m[K/home/mrstalford/ros2_ws/src/pavbot_imu/src/imu_packet_builder.h:32:16:[m[K [01;31m[Kerror: [m[Kcould not convert â€˜[01m[Kpacket[m[Kâ€™ from â€˜[01m[Kvector<[01;32m[Kunsigned int[m[K,allocator<[01;32m[Kunsigned int[m[K>>[m[Kâ€™ to â€˜[01m[Kvector<[01;32m[Kunsigned char[m[K,allocator<[01;32m[Kunsigned char[m[K>>[m[Kâ€™
[10.675s]    32 |         return [01;31m[Kpacket[m[K;
[10.675s]       |                [01;31m[K^~~~~~[m[K
[10.676s]       |                [01;31m[K|[m[K
[10.676s]       |                [01;31m[Kvector<unsigned int,allocator<unsigned int>>[m[K
[10.677s] In file included from [01m[K/home/mrstalford/ros2_ws/src/pavbot_imu/src/pavbot_imu.cpp:16[m[K:
[10.677s] [01m[K/home/mrstalford/ros2_ws/src/pavbot_imu/src/imu.h:[m[K In member function â€˜[01m[Kvoid IMU::enableCompass()[m[Kâ€™:
[10.678s] [01m[K/home/mrstalford/ros2_ws/src/pavbot_imu/src/imu.h:74:58:[m[K [01;31m[Kerror: [m[Kâ€˜[01m[KSetCompassEnabled[m[Kâ€™ is not a member of â€˜[01m[KImuCommand[m[Kâ€™
[10.678s]    74 | uPacketBuilder::build(ImuCommand::[01;31m[KSetCompassEnabled[m[K, payload));
[10.679s]       |                                   [01;31m[K^~~~~~~~~~~~~~~~~[m[K
[10.679s] 
[10.680s] [01m[K/home/mrstalford/ros2_ws/src/pavbot_imu/src/imu.h:[m[K In member function â€˜[01m[Kvoid IMU::requestHeading()[m[Kâ€™:
[10.680s] [01m[K/home/mrstalford/ros2_ws/src/pavbot_imu/src/imu.h:78:58:[m[K [01;31m[Kerror: [m[Kâ€˜[01m[KGetEulerAngles[m[Kâ€™ is not a member of â€˜[01m[KImuCommand[m[Kâ€™
[10.681s]    78 | uPacketBuilder::build(ImuCommand::[01;31m[KGetEulerAngles[m[K));
[10.681s]       |                                   [01;31m[K^~~~~~~~~~~~~~[m[K
[10.681s] 
[13.883s] gmake[2]: *** [CMakeFiles/pavbot_imu.dir/build.make:76: CMakeFiles/pavbot_imu.dir/src/pavbot_imu.cpp.o] Error 1
[13.884s] gmake[1]: *** [CMakeFiles/Makefile2:137: CMakeFiles/pavbot_imu.dir/all] Error 2
[13.885s] gmake: *** [Makefile:146: all] Error 2
[13.893s] Invoked command in '/home/mrstalford/ros2_ws/src/pavbot_imu/build/pavbot_imu' returned '2': CMAKE_PREFIX_PATH=${CMAKE_PREFIX_PATH}:/opt/ros/humble /usr/bin/cmake --build /home/mrstalford/ros2_ws/src/pavbot_imu/build/pavbot_imu -- -j4 -l4
