[0.071s] Invoking command in '/home/mrstalford/ros2_ws/src/pavbot_imu/build/pavbot_imu': CMAKE_PREFIX_PATH=${CMAKE_PREFIX_PATH}:/opt/ros/humble /usr/bin/cmake --build /home/mrstalford/ros2_ws/src/pavbot_imu/build/pavbot_imu -- -j4 -l4
[0.361s] [ 50%] [32mBuilding CXX object CMakeFiles/pavbot_imu.dir/src/pavbot_imu.cpp.o[0m
[11.350s] In file included from [01m[K/home/mrstalford/ros2_ws/src/pavbot_imu/src/pavbot_imu.cpp:17[m[K:
[11.351s] [01m[K/home/mrstalford/ros2_ws/src/pavbot_imu/src/imu.h:[m[K In member function â€˜[01m[Kbool IMU::writeCommand(std::string)[m[Kâ€™:
[11.352s] [01m[K/home/mrstalford/ros2_ws/src/pavbot_imu/src/imu.h:92:53:[m[K [01;31m[Kerror: [m[Kâ€˜[01m[Kpacket[m[Kâ€™ was not declared in this scope
[11.352s]    92 | ize_t bytesWritten = ::write(this->fd, c, [01;31m[Kpacket[m[K.size());
[11.353s]       |                                           [01;31m[K^~~~~~[m[K
[11.353s] 
[11.354s] [01m[K/home/mrstalford/ros2_ws/src/pavbot_imu/src/imu.h:[m[K In member function â€˜[01m[Kstd::optional<double> IMU::parseHeading()[m[Kâ€™:
[11.354s] [01m[K/home/mrstalford/ros2_ws/src/pavbot_imu/src/imu.h:109:50:[m[K [01;31m[Kerror: [m[Kâ€˜[01m[KImuCommand[m[Kâ€™ has not been declared
[11.355s]   109 |      if (rxBuf[0] != static_cast<uint8_t>([01;31m[KImuCommand[m[K::StartByte)) {
[11.355s]       |                                           [01;31m[K^~~~~~~~~~[m[K
[11.356s] 
[11.356s] [01m[K/home/mrstalford/ros2_ws/src/pavbot_imu/src/imu.h:122:44:[m[K [01;31m[Kerror: [m[Kâ€˜[01m[KImuCommand[m[Kâ€™ has not been declared
[11.357s]   122 |            if (c == (static_cast<uint8_t>([01;31m[KImuCommand[m[K::GetEulerAngles)
[11.357s]       |                                           [01;31m[K^~~~~~~~~~[m[K
[11.358s] 
[11.358s] [01m[K/home/mrstalford/ros2_ws/src/pavbot_imu/src/imu.h:123:44:[m[K [01;31m[Kerror: [m[Kâ€˜[01m[KImuCommand[m[Kâ€™ has not been declared
[11.359s]   123 |                    | static_cast<uint8_t>([01;31m[KImuCommand[m[K::ResponseMask))) {
[11.359s]       |                                           [01;31m[K^~~~~~~~~~[m[K
[11.360s] 
[14.853s] gmake[2]: *** [CMakeFiles/pavbot_imu.dir/build.make:76: CMakeFiles/pavbot_imu.dir/src/pavbot_imu.cpp.o] Error 1
[14.853s] gmake[1]: *** [CMakeFiles/Makefile2:137: CMakeFiles/pavbot_imu.dir/all] Error 2
[14.855s] gmake: *** [Makefile:146: all] Error 2
[14.868s] Invoked command in '/home/mrstalford/ros2_ws/src/pavbot_imu/build/pavbot_imu' returned '2': CMAKE_PREFIX_PATH=${CMAKE_PREFIX_PATH}:/opt/ros/humble /usr/bin/cmake --build /home/mrstalford/ros2_ws/src/pavbot_imu/build/pavbot_imu -- -j4 -l4
