[35m[1mConsolidate compiler generated dependencies of target pavbot_imu[0m
[ 50%] [32mBuilding CXX object CMakeFiles/pavbot_imu.dir/src/pavbot_imu.cpp.o[0m
In file included from [01m[K/home/mrstalford/ros2_ws/src/pavbot_imu/src/imu.h:13[m[K,
                 from [01m[K/home/mrstalford/ros2_ws/src/pavbot_imu/src/pavbot_imu.cpp:16[m[K:
[01m[K/home/mrstalford/ros2_ws/src/pavbot_imu/src/imu_packet_builder.h:46:2:[m[K [01;31m[Kerror: [m[Kexpected â€˜[01m[K;[m[Kâ€™ after class definition
   46 | }
      |  [01;31m[K^[m[K
      |  [32m[K;[m[K
[01m[K/home/mrstalford/ros2_ws/src/pavbot_imu/src/imu_packet_builder.h:[m[K In member function â€˜[01m[Kstd::vector<unsigned char, std::allocator<unsigned char> > ImuPacketBuilder::build(ImuCommand, std::vector<unsigned int>)[m[Kâ€™:
[01m[K/home/mrstalford/ros2_ws/src/pavbot_imu/src/imu_packet_builder.h:24:25:[m[K [01;31m[Kerror: [m[Kno matching function for call to â€˜[01m[Kstd::vector<unsigned int>::push_back(ImuCommand)[m[Kâ€™
   24 |         [01;31m[Kpacket.push_back(ImuCommand::StartByte)[m[K;
      |         [01;31m[K~~~~~~~~~~~~~~~~^~~~~~~~~~~~~~~~~~~~~~~[m[K
In file included from [01m[K/usr/include/c++/11/vector:67[m[K,
                 from [01m[K/usr/include/c++/11/functional:62[m[K,
                 from [01m[K/usr/include/c++/11/pstl/glue_algorithm_defs.h:13[m[K,
                 from [01m[K/usr/include/c++/11/algorithm:74[m[K,
                 from [01m[K/opt/ros/humble/include/rclcpp/rclcpp/executor.hpp:18[m[K,
                 from [01m[K/opt/ros/humble/include/rclcpp/rclcpp/executors/multi_threaded_executor.hpp:25[m[K,
                 from [01m[K/opt/ros/humble/include/rclcpp/rclcpp/executors.hpp:21[m[K,
                 from [01m[K/opt/ros/humble/include/rclcpp/rclcpp/rclcpp.hpp:155[m[K,
                 from [01m[K/home/mrstalford/ros2_ws/src/pavbot_imu/src/pavbot_imu.cpp:11[m[K:
[01m[K/usr/include/c++/11/bits/stl_vector.h:1187:7:[m[K [01;36m[Knote: [m[Kcandidate: â€˜[01m[Kvoid std::vector<_Tp, _Alloc>::push_back(const value_type&) [with _Tp = unsigned int; _Alloc = std::allocator<unsigned int>; std::vector<_Tp, _Alloc>::value_type = unsigned int][m[Kâ€™
 1187 |       [01;36m[Kpush_back[m[K(const value_type& __x)
      |       [01;36m[K^~~~~~~~~[m[K
[01m[K/usr/include/c++/11/bits/stl_vector.h:1187:35:[m[K [01;36m[Knote: [m[K  no known conversion for argument 1 from â€˜[01m[KImuCommand[m[Kâ€™ to â€˜[01m[Kconst value_type&[m[Kâ€™ {aka â€˜[01m[Kconst unsigned int&[m[Kâ€™}
 1187 |       push_back([01;36m[Kconst value_type& __x[m[K)
      |                 [01;36m[K~~~~~~~~~~~~~~~~~~^~~[m[K
[01m[K/usr/include/c++/11/bits/stl_vector.h:1203:7:[m[K [01;36m[Knote: [m[Kcandidate: â€˜[01m[Kvoid std::vector<_Tp, _Alloc>::push_back(std::vector<_Tp, _Alloc>::value_type&&) [with _Tp = unsigned int; _Alloc = std::allocator<unsigned int>; std::vector<_Tp, _Alloc>::value_type = unsigned int][m[Kâ€™
 1203 |       [01;36m[Kpush_back[m[K(value_type&& __x)
      |       [01;36m[K^~~~~~~~~[m[K
[01m[K/usr/include/c++/11/bits/stl_vector.h:1203:30:[m[K [01;36m[Knote: [m[K  no known conversion for argument 1 from â€˜[01m[KImuCommand[m[Kâ€™ to â€˜[01m[Kstd::vector<unsigned int>::value_type&&[m[Kâ€™ {aka â€˜[01m[Kunsigned int&&[m[Kâ€™}
 1203 |       push_back([01;36m[Kvalue_type&& __x[m[K)
      |                 [01;36m[K~~~~~~~~~~~~~^~~[m[K
In file included from [01m[K/home/mrstalford/ros2_ws/src/pavbot_imu/src/imu.h:13[m[K,
                 from [01m[K/home/mrstalford/ros2_ws/src/pavbot_imu/src/pavbot_imu.cpp:16[m[K:
[01m[K/home/mrstalford/ros2_ws/src/pavbot_imu/src/imu_packet_builder.h:30:35:[m[K [01;31m[Kerror: [m[Kcannot convert â€˜[01m[Kvector<[01;32m[Kunsigned int[m[K,allocator<[01;32m[Kunsigned int[m[K>>[m[Kâ€™ to â€˜[01m[Kvector<[01;32m[Kunsigned char[m[K,allocator<[01;32m[Kunsigned char[m[K>>[m[Kâ€™
   30 |         packet.push_back(checksum([01;31m[Kpacket[m[K));
      |                                   [01;31m[K^~~~~~[m[K
      |                                   [01;31m[K|[m[K
      |                                   [01;31m[Kvector<unsigned int,allocator<unsigned int>>[m[K
[01m[K/home/mrstalford/ros2_ws/src/pavbot_imu/src/imu_packet_builder.h:36:43:[m[K [01;36m[Knote: [m[K  initializing argument 1 of â€˜[01m[Kuint8_t ImuPacketBuilder::checksum(std::vector<unsigned char, std::allocator<unsigned char> >)[m[Kâ€™
   36 | nt8_t checksum([01;36m[Kstd::vector<uint8_t> packet[m[K) {
      |                [01;36m[K~~~~~~~~~~~~~~~~~~~~~^~~~~~[m[K

[01m[K/home/mrstalford/ros2_ws/src/pavbot_imu/src/imu_packet_builder.h:32:16:[m[K [01;31m[Kerror: [m[Kcould not convert â€˜[01m[Kpacket[m[Kâ€™ from â€˜[01m[Kvector<[01;32m[Kunsigned int[m[K,allocator<[01;32m[Kunsigned int[m[K>>[m[Kâ€™ to â€˜[01m[Kvector<[01;32m[Kunsigned char[m[K,allocator<[01;32m[Kunsigned char[m[K>>[m[Kâ€™
   32 |         return [01;31m[Kpacket[m[K;
      |                [01;31m[K^~~~~~[m[K
      |                [01;31m[K|[m[K
      |                [01;31m[Kvector<unsigned int,allocator<unsigned int>>[m[K
[01m[K/home/mrstalford/ros2_ws/src/pavbot_imu/src/imu_packet_builder.h:[m[K At global scope:
[01m[K/home/mrstalford/ros2_ws/src/pavbot_imu/src/imu_packet_builder.h:6:1:[m[K [01;31m[Kerror: [m[Kmultiple types in one declaration
    6 | [01;31m[Kenum[m[K class ImuCommand : uint8_t {
      | [01;31m[K^~~~[m[K
In file included from [01m[K/home/mrstalford/ros2_ws/src/pavbot_imu/src/pavbot_imu.cpp:16[m[K:
[01m[K/home/mrstalford/ros2_ws/src/pavbot_imu/src/imu.h:[m[K In member function â€˜[01m[Kvoid IMU::enableCompass()[m[Kâ€™:
[01m[K/home/mrstalford/ros2_ws/src/pavbot_imu/src/imu.h:74:77:[m[K [01;31m[Kerror: [m[Kcannot convert â€˜[01m[Kvector<[01;32m[Kunsigned char[m[K,allocator<[01;32m[Kunsigned char[m[K>>[m[Kâ€™ to â€˜[01m[Kvector<[01;32m[Kunsigned int[m[K,allocator<[01;32m[Kunsigned int[m[K>>[m[Kâ€™
   74 | ild(ImuCommand::SetCompassEnabled, [01;31m[Kpayload[m[K));
      |                                    [01;31m[K^~~~~~~[m[K
      |                                    [01;31m[K|[m[K
      |                                    [01;31m[Kvector<unsigned char,allocator<unsigned char>>[m[K

In file included from [01m[K/home/mrstalford/ros2_ws/src/pavbot_imu/src/imu.h:13[m[K,
                 from [01m[K/home/mrstalford/ros2_ws/src/pavbot_imu/src/pavbot_imu.cpp:16[m[K:
[01m[K/home/mrstalford/ros2_ws/src/pavbot_imu/src/imu_packet_builder.h:21:68:[m[K [01;36m[Knote: [m[K  initializing argument 2 of â€˜[01m[Kstd::vector<unsigned char, std::allocator<unsigned char> > ImuPacketBuilder::build(ImuCommand, std::vector<unsigned int>)[m[Kâ€™
   21 | uCommand c, [01;36m[Kstd::vector<uint32_t> payload = {}[m[K) {
      |             [01;36m[K~~~~~~~~~~~~~~~~~~~~~~^~~~~~~~~~~~[m[K

In file included from [01m[K/home/mrstalford/ros2_ws/src/pavbot_imu/src/pavbot_imu.cpp:16[m[K:
[01m[K/home/mrstalford/ros2_ws/src/pavbot_imu/src/imu.h:[m[K In member function â€˜[01m[Kvoid IMU::requestHeading()[m[Kâ€™:
[01m[K/home/mrstalford/ros2_ws/src/pavbot_imu/src/imu.h:78:45:[m[K [01;31m[Kerror: [m[Kcannot call member function â€˜[01m[Kstd::vector<unsigned char, std::allocator<unsigned char> > ImuPacketBuilder::build(ImuCommand, std::vector<unsigned int>)[m[Kâ€™ without object
   78 | iteCommand([01;31m[KImuPacketBuilder::build(ImuCommand::GetEulerAngles)[m[K);
      |            [01;31m[K~~~~~~~~~~~~~~~~~~~~~~~^~~~~~~~~~~~~~~~~~~~~~~~~~~~[m[K

gmake[2]: *** [CMakeFiles/pavbot_imu.dir/build.make:76: CMakeFiles/pavbot_imu.dir/src/pavbot_imu.cpp.o] Error 1
gmake[1]: *** [CMakeFiles/Makefile2:137: CMakeFiles/pavbot_imu.dir/all] Error 2
gmake: *** [Makefile:146: all] Error 2
