[0.070s] Invoking command in '/home/mrstalford/ros2_ws/src/pavbot_imu/build/pavbot_imu': CMAKE_PREFIX_PATH=${CMAKE_PREFIX_PATH}:/opt/ros/humble /usr/bin/cmake --build /home/mrstalford/ros2_ws/src/pavbot_imu/build/pavbot_imu -- -j4 -l4
[0.262s] [35m[1mConsolidate compiler generated dependencies of target pavbot_imu[0m
[0.363s] [ 50%] [32mBuilding CXX object CMakeFiles/pavbot_imu.dir/src/pavbot_imu.cpp.o[0m
[10.533s] In file included from [01m[K/home/mrstalford/ros2_ws/src/pavbot_imu/src/imu.h:13[m[K,
[10.533s]                  from [01m[K/home/mrstalford/ros2_ws/src/pavbot_imu/src/pavbot_imu.cpp:16[m[K:
[10.534s] [01m[K/home/mrstalford/ros2_ws/src/pavbot_imu/src/imu_packet_builder.h:[m[K In member function â€˜[01m[Kstd::vector<unsigned char, std::allocator<unsigned char> > ImuPacketBuilder::build(ImuCommand, std::vector<unsigned int>)[m[Kâ€™:
[10.534s] [01m[K/home/mrstalford/ros2_ws/src/pavbot_imu/src/imu_packet_builder.h:24:25:[m[K [01;31m[Kerror: [m[Kno matching function for call to â€˜[01m[Kstd::vector<unsigned int>::push_back(ImuCommand)[m[Kâ€™
[10.535s]    24 |         [01;31m[Kpacket.push_back(ImuCommand::StartByte)[m[K;
[10.535s]       |         [01;31m[K~~~~~~~~~~~~~~~~^~~~~~~~~~~~~~~~~~~~~~~[m[K
[10.536s] In file included from [01m[K/usr/include/c++/11/vector:67[m[K,
[10.536s]                  from [01m[K/usr/include/c++/11/functional:62[m[K,
[10.537s]                  from [01m[K/usr/include/c++/11/pstl/glue_algorithm_defs.h:13[m[K,
[10.538s]                  from [01m[K/usr/include/c++/11/algorithm:74[m[K,
[10.538s]                  from [01m[K/opt/ros/humble/include/rclcpp/rclcpp/executor.hpp:18[m[K,
[10.538s]                  from [01m[K/opt/ros/humble/include/rclcpp/rclcpp/executors/multi_threaded_executor.hpp:25[m[K,
[10.539s]                  from [01m[K/opt/ros/humble/include/rclcpp/rclcpp/executors.hpp:21[m[K,
[10.539s]                  from [01m[K/opt/ros/humble/include/rclcpp/rclcpp/rclcpp.hpp:155[m[K,
[10.540s]                  from [01m[K/home/mrstalford/ros2_ws/src/pavbot_imu/src/pavbot_imu.cpp:11[m[K:
[10.540s] [01m[K/usr/include/c++/11/bits/stl_vector.h:1187:7:[m[K [01;36m[Knote: [m[Kcandidate: â€˜[01m[Kvoid std::vector<_Tp, _Alloc>::push_back(const value_type&) [with _Tp = unsigned int; _Alloc = std::allocator<unsigned int>; std::vector<_Tp, _Alloc>::value_type = unsigned int][m[Kâ€™
[10.541s]  1187 |       [01;36m[Kpush_back[m[K(const value_type& __x)
[10.541s]       |       [01;36m[K^~~~~~~~~[m[K
[10.542s] [01m[K/usr/include/c++/11/bits/stl_vector.h:1187:35:[m[K [01;36m[Knote: [m[K  no known conversion for argument 1 from â€˜[01m[KImuCommand[m[Kâ€™ to â€˜[01m[Kconst value_type&[m[Kâ€™ {aka â€˜[01m[Kconst unsigned int&[m[Kâ€™}
[10.542s]  1187 |       push_back([01;36m[Kconst value_type& __x[m[K)
[10.543s]       |                 [01;36m[K~~~~~~~~~~~~~~~~~~^~~[m[K
[10.543s] [01m[K/usr/include/c++/11/bits/stl_vector.h:1203:7:[m[K [01;36m[Knote: [m[Kcandidate: â€˜[01m[Kvoid std::vector<_Tp, _Alloc>::push_back(std::vector<_Tp, _Alloc>::value_type&&) [with _Tp = unsigned int; _Alloc = std::allocator<unsigned int>; std::vector<_Tp, _Alloc>::value_type = unsigned int][m[Kâ€™
[10.544s]  1203 |       [01;36m[Kpush_back[m[K(value_type&& __x)
[10.544s]       |       [01;36m[K^~~~~~~~~[m[K
[10.545s] [01m[K/usr/include/c++/11/bits/stl_vector.h:1203:30:[m[K [01;36m[Knote: [m[K  no known conversion for argument 1 from â€˜[01m[KImuCommand[m[Kâ€™ to â€˜[01m[Kstd::vector<unsigned int>::value_type&&[m[Kâ€™ {aka â€˜[01m[Kunsigned int&&[m[Kâ€™}
[10.546s]  1203 |       push_back([01;36m[Kvalue_type&& __x[m[K)
[10.547s]       |                 [01;36m[K~~~~~~~~~~~~~^~~[m[K
[10.548s] In file included from [01m[K/home/mrstalford/ros2_ws/src/pavbot_imu/src/imu.h:13[m[K,
[10.549s]                  from [01m[K/home/mrstalford/ros2_ws/src/pavbot_imu/src/pavbot_imu.cpp:16[m[K:
[10.550s] [01m[K/home/mrstalford/ros2_ws/src/pavbot_imu/src/imu_packet_builder.h:30:35:[m[K [01;31m[Kerror: [m[Kcannot convert â€˜[01m[Kvector<[01;32m[Kunsigned int[m[K,allocator<[01;32m[Kunsigned int[m[K>>[m[Kâ€™ to â€˜[01m[Kvector<[01;32m[Kunsigned char[m[K,allocator<[01;32m[Kunsigned char[m[K>>[m[Kâ€™
[10.550s]    30 |         packet.push_back(checksum([01;31m[Kpacket[m[K));
[10.551s]       |                                   [01;31m[K^~~~~~[m[K
[10.551s]       |                                   [01;31m[K|[m[K
[10.551s]       |                                   [01;31m[Kvector<unsigned int,allocator<unsigned int>>[m[K
[10.552s] [01m[K/home/mrstalford/ros2_ws/src/pavbot_imu/src/imu_packet_builder.h:36:43:[m[K [01;36m[Knote: [m[K  initializing argument 1 of â€˜[01m[Kuint8_t ImuPacketBuilder::checksum(std::vector<unsigned char, std::allocator<unsigned char> >)[m[Kâ€™
[10.552s]    36 | nt8_t checksum([01;36m[Kstd::vector<uint8_t> packet[m[K) {
[10.553s]       |                [01;36m[K~~~~~~~~~~~~~~~~~~~~~^~~~~~[m[K
[10.553s] 
[10.554s] [01m[K/home/mrstalford/ros2_ws/src/pavbot_imu/src/imu_packet_builder.h:32:16:[m[K [01;31m[Kerror: [m[Kcould not convert â€˜[01m[Kpacket[m[Kâ€™ from â€˜[01m[Kvector<[01;32m[Kunsigned int[m[K,allocator<[01;32m[Kunsigned int[m[K>>[m[Kâ€™ to â€˜[01m[Kvector<[01;32m[Kunsigned char[m[K,allocator<[01;32m[Kunsigned char[m[K>>[m[Kâ€™
[10.554s]    32 |         return [01;31m[Kpacket[m[K;
[10.555s]       |                [01;31m[K^~~~~~[m[K
[10.555s]       |                [01;31m[K|[m[K
[10.556s]       |                [01;31m[Kvector<unsigned int,allocator<unsigned int>>[m[K
[10.556s] In file included from [01m[K/home/mrstalford/ros2_ws/src/pavbot_imu/src/pavbot_imu.cpp:16[m[K:
[10.556s] [01m[K/home/mrstalford/ros2_ws/src/pavbot_imu/src/imu.h:[m[K In member function â€˜[01m[Kvoid IMU::enableCompass()[m[Kâ€™:
[10.557s] [01m[K/home/mrstalford/ros2_ws/src/pavbot_imu/src/imu.h:74:77:[m[K [01;31m[Kerror: [m[Kcannot convert â€˜[01m[Kvector<[01;32m[Kunsigned char[m[K,allocator<[01;32m[Kunsigned char[m[K>>[m[Kâ€™ to â€˜[01m[Kvector<[01;32m[Kunsigned int[m[K,allocator<[01;32m[Kunsigned int[m[K>>[m[Kâ€™
[10.558s]    74 | ild(ImuCommand::SetCompassEnabled, [01;31m[Kpayload[m[K));
[10.558s]       |                                    [01;31m[K^~~~~~~[m[K
[10.558s]       |                                    [01;31m[K|[m[K
[10.559s]       |                                    [01;31m[Kvector<unsigned char,allocator<unsigned char>>[m[K
[10.559s] 
[10.560s] In file included from [01m[K/home/mrstalford/ros2_ws/src/pavbot_imu/src/imu.h:13[m[K,
[10.560s]                  from [01m[K/home/mrstalford/ros2_ws/src/pavbot_imu/src/pavbot_imu.cpp:16[m[K:
[10.560s] [01m[K/home/mrstalford/ros2_ws/src/pavbot_imu/src/imu_packet_builder.h:21:68:[m[K [01;36m[Knote: [m[K  initializing argument 2 of â€˜[01m[Kstd::vector<unsigned char, std::allocator<unsigned char> > ImuPacketBuilder::build(ImuCommand, std::vector<unsigned int>)[m[Kâ€™
[10.561s]    21 | uCommand c, [01;36m[Kstd::vector<uint32_t> payload = {}[m[K) {
[10.562s]       |             [01;36m[K~~~~~~~~~~~~~~~~~~~~~~^~~~~~~~~~~~[m[K
[10.562s] 
[10.562s] In file included from [01m[K/home/mrstalford/ros2_ws/src/pavbot_imu/src/pavbot_imu.cpp:16[m[K:
[10.563s] [01m[K/home/mrstalford/ros2_ws/src/pavbot_imu/src/imu.h:[m[K In member function â€˜[01m[Kvoid IMU::requestHeading()[m[Kâ€™:
[10.563s] [01m[K/home/mrstalford/ros2_ws/src/pavbot_imu/src/imu.h:78:45:[m[K [01;31m[Kerror: [m[Kcannot call member function â€˜[01m[Kstd::vector<unsigned char, std::allocator<unsigned char> > ImuPacketBuilder::build(ImuCommand, std::vector<unsigned int>)[m[Kâ€™ without object
[10.564s]    78 | iteCommand([01;31m[KImuPacketBuilder::build(ImuCommand::GetEulerAngles)[m[K);
[10.564s]       |            [01;31m[K~~~~~~~~~~~~~~~~~~~~~~~^~~~~~~~~~~~~~~~~~~~~~~~~~~~[m[K
[10.565s] 
[13.891s] gmake[2]: *** [CMakeFiles/pavbot_imu.dir/build.make:76: CMakeFiles/pavbot_imu.dir/src/pavbot_imu.cpp.o] Error 1
[13.892s] gmake[1]: *** [CMakeFiles/Makefile2:137: CMakeFiles/pavbot_imu.dir/all] Error 2
[13.893s] gmake: *** [Makefile:146: all] Error 2
[13.900s] Invoked command in '/home/mrstalford/ros2_ws/src/pavbot_imu/build/pavbot_imu' returned '2': CMAKE_PREFIX_PATH=${CMAKE_PREFIX_PATH}:/opt/ros/humble /usr/bin/cmake --build /home/mrstalford/ros2_ws/src/pavbot_imu/build/pavbot_imu -- -j4 -l4
