[0.111s] Invoking command in '/home/mrstalford/ros2_ws/src/pavbot_imu/build/pavbot_imu': CMAKE_PREFIX_PATH=${CMAKE_PREFIX_PATH}:/opt/ros/humble /usr/bin/cmake /home/mrstalford/ros2_ws/src/pavbot_imu -DCMAKE_INSTALL_PREFIX=/home/mrstalford/ros2_ws/src/pavbot_imu/install/pavbot_imu
[1.201s] -- The C compiler identification is GNU 11.4.0
[1.953s] -- The CXX compiler identification is GNU 11.4.0
[2.001s] -- Detecting C compiler ABI info
[2.395s] -- Detecting C compiler ABI info - done
[2.422s] -- Check for working C compiler: /usr/bin/cc - skipped
[2.424s] -- Detecting C compile features
[2.427s] -- Detecting C compile features - done
[2.445s] -- Detecting CXX compiler ABI info
[2.853s] -- Detecting CXX compiler ABI info - done
[2.881s] -- Check for working CXX compiler: /usr/bin/c++ - skipped
[2.882s] -- Detecting CXX compile features
[2.884s] -- Detecting CXX compile features - done
[2.932s] -- Found ament_cmake: 1.3.12 (/opt/ros/humble/share/ament_cmake/cmake)
[3.772s] -- Found Python3: /usr/bin/python3 (found version "3.10.12") found components: Interpreter 
[4.486s] -- Found rclcpp: 16.0.17 (/opt/ros/humble/share/rclcpp/cmake)
[4.964s] -- Found rosidl_generator_c: 3.1.8 (/opt/ros/humble/share/rosidl_generator_c/cmake)
[5.023s] -- Found rosidl_adapter: 3.1.8 (/opt/ros/humble/share/rosidl_adapter/cmake)
[5.112s] -- Found rosidl_generator_cpp: 3.1.8 (/opt/ros/humble/share/rosidl_generator_cpp/cmake)
[5.222s] -- Using all available rosidl_typesupport_c: rosidl_typesupport_fastrtps_c;rosidl_typesupport_introspection_c
[5.363s] -- Using all available rosidl_typesupport_cpp: rosidl_typesupport_fastrtps_cpp;rosidl_typesupport_introspection_cpp
[5.816s] -- Found rmw_implementation_cmake: 6.1.2 (/opt/ros/humble/share/rmw_implementation_cmake/cmake)
[5.850s] -- Found rmw_fastrtps_cpp: 6.2.9 (/opt/ros/humble/share/rmw_fastrtps_cpp/cmake)
[6.572s] -- Found OpenSSL: /usr/lib/aarch64-linux-gnu/libcrypto.so (found version "3.0.2")  
[6.849s] -- Found FastRTPS: /opt/ros/humble/include  
[7.294s] -- Using RMW implementation 'rmw_fastrtps_cpp' as default
[7.391s] -- Looking for pthread.h
[7.798s] -- Looking for pthread.h - found
[7.801s] -- Performing Test CMAKE_HAVE_LIBC_PTHREAD
[8.172s] -- Performing Test CMAKE_HAVE_LIBC_PTHREAD - Success
[8.177s] -- Found Threads: TRUE  
[8.854s] -- Configuring done
[8.916s] -- Generating done
[8.934s] -- Build files have been written to: /home/mrstalford/ros2_ws/src/pavbot_imu/build/pavbot_imu
[8.973s] Invoked command in '/home/mrstalford/ros2_ws/src/pavbot_imu/build/pavbot_imu' returned '0': CMAKE_PREFIX_PATH=${CMAKE_PREFIX_PATH}:/opt/ros/humble /usr/bin/cmake /home/mrstalford/ros2_ws/src/pavbot_imu -DCMAKE_INSTALL_PREFIX=/home/mrstalford/ros2_ws/src/pavbot_imu/install/pavbot_imu
[8.986s] Invoking command in '/home/mrstalford/ros2_ws/src/pavbot_imu/build/pavbot_imu': CMAKE_PREFIX_PATH=${CMAKE_PREFIX_PATH}:/opt/ros/humble /usr/bin/cmake --build /home/mrstalford/ros2_ws/src/pavbot_imu/build/pavbot_imu -- -j4 -l4
[9.219s] [ 50%] [32mBuilding CXX object CMakeFiles/pavbot_imu.dir/src/pavbot_imu.cpp.o[0m
[9.297s] [01m[K/home/mrstalford/ros2_ws/src/pavbot_imu/src/pavbot_imu.cpp:11:10:[m[K [01;31m[Kfatal error: [m[KThreeSpace_API_C_3.0.6/threespace_api_export.h: No such file or directory
[9.298s]    11 | #include [01;31m[K<ThreeSpace_API_C_3.0.6/threespace_api_export.h>[m[K
[9.298s]       |          [01;31m[K^~~~~~~~~~~~~~~~~~~~~~~~~~~~~~~~~~~~~~~~~~~~~~~~[m[K
[9.299s] compilation terminated.
[9.302s] gmake[2]: *** [CMakeFiles/pavbot_imu.dir/build.make:76: CMakeFiles/pavbot_imu.dir/src/pavbot_imu.cpp.o] Error 1
[9.303s] gmake[1]: *** [CMakeFiles/Makefile2:137: CMakeFiles/pavbot_imu.dir/all] Error 2
[9.304s] gmake: *** [Makefile:146: all] Error 2
[9.313s] Invoked command in '/home/mrstalford/ros2_ws/src/pavbot_imu/build/pavbot_imu' returned '2': CMAKE_PREFIX_PATH=${CMAKE_PREFIX_PATH}:/opt/ros/humble /usr/bin/cmake --build /home/mrstalford/ros2_ws/src/pavbot_imu/build/pavbot_imu -- -j4 -l4
