[01m[K/home/mrstalford/ros2_ws/src/pavbot_imu/src/pavbot_imu.cpp:[m[K In constructor â€˜[01m[KPavbotIMU::PavbotIMU()[m[Kâ€™:
[01m[K/home/mrstalford/ros2_ws/src/pavbot_imu/src/pavbot_imu.cpp:79:12:[m[K [01;31m[Kerror: [m[Kâ€˜[01m[K::open[m[Kâ€™ has not been declared; did you mean â€˜[01m[Kpopen[m[Kâ€™?
   79 |     fd = ::[01;31m[Kopen[m[K(port.c_str(), O_RDONLY | O_NOCTTY | O_SYNC);
      |            [01;31m[K^~~~[m[K
      |            [32m[Kpopen[m[K
[01m[K/home/mrstalford/ros2_ws/src/pavbot_imu/src/pavbot_imu.cpp:79:31:[m[K [01;31m[Kerror: [m[Kâ€˜[01m[KO_RDONLY[m[Kâ€™ was not declared in this scope
   79 |     fd = ::open(port.c_str(), [01;31m[KO_RDONLY[m[K | O_NOCTTY | O_SYNC);
      |                               [01;31m[K^~~~~~~~[m[K
[01m[K/home/mrstalford/ros2_ws/src/pavbot_imu/src/pavbot_imu.cpp:79:42:[m[K [01;31m[Kerror: [m[Kâ€˜[01m[KO_NOCTTY[m[Kâ€™ was not declared in this scope; did you mean â€˜[01m[KENOTTY[m[Kâ€™?
   79 |    fd = ::open(port.c_str(), O_RDONLY | [01;31m[KO_NOCTTY[m[K | O_SYNC);
      |                                         [01;31m[K^~~~~~~~[m[K
      |                                         [32m[KENOTTY[m[K
[01m[K/home/mrstalford/ros2_ws/src/pavbot_imu/src/pavbot_imu.cpp:79:53:[m[K [01;31m[Kerror: [m[Kâ€˜[01m[KO_SYNC[m[Kâ€™ was not declared in this scope
   79 | ::open(port.c_str(), O_RDONLY | O_NOCTTY | [01;31m[KO_SYNC[m[K);
      |                                            [01;31m[K^~~~~~[m[K

[01m[K/home/mrstalford/ros2_ws/src/pavbot_imu/src/pavbot_imu.cpp:86:20:[m[K [01;31m[Kerror: [m[Kvariable â€˜[01m[KPavbotIMU::PavbotIMU()::termios tty[m[Kâ€™ has initializer but incomplete type
   86 |     struct termios [01;31m[Ktty[m[K{};
      |                    [01;31m[K^~~[m[K
[01m[K/home/mrstalford/ros2_ws/src/pavbot_imu/src/pavbot_imu.cpp:87:5:[m[K [01;31m[Kerror: [m[Kâ€˜[01m[Ktcgetattr[m[Kâ€™ was not declared in this scope
   87 |     [01;31m[Ktcgetattr[m[K(fd, &tty);
      |     [01;31m[K^~~~~~~~~[m[K
[01m[K/home/mrstalford/ros2_ws/src/pavbot_imu/src/pavbot_imu.cpp:89:23:[m[K [01;31m[Kerror: [m[Kâ€˜[01m[KB115200[m[Kâ€™ was not declared in this scope
   89 |     cfsetospeed(&tty, [01;31m[KB115200[m[K);
      |                       [01;31m[K^~~~~~~[m[K
[01m[K/home/mrstalford/ros2_ws/src/pavbot_imu/src/pavbot_imu.cpp:89:5:[m[K [01;31m[Kerror: [m[Kâ€˜[01m[Kcfsetospeed[m[Kâ€™ was not declared in this scope
   89 |     [01;31m[Kcfsetospeed[m[K(&tty, B115200);
      |     [01;31m[K^~~~~~~~~~~[m[K
[01m[K/home/mrstalford/ros2_ws/src/pavbot_imu/src/pavbot_imu.cpp:90:5:[m[K [01;31m[Kerror: [m[Kâ€˜[01m[Kcfsetispeed[m[Kâ€™ was not declared in this scope
   90 |     [01;31m[Kcfsetispeed[m[K(&tty, B115200);
      |     [01;31m[K^~~~~~~~~~~[m[K
[01m[K/home/mrstalford/ros2_ws/src/pavbot_imu/src/pavbot_imu.cpp:92:21:[m[K [01;31m[Kerror: [m[Kâ€˜[01m[KCLOCAL[m[Kâ€™ was not declared in this scope; did you mean â€˜[01m[KRCL_LOCAL[m[Kâ€™?
   92 |     tty.c_cflag |= ([01;31m[KCLOCAL[m[K | CREAD);
      |                     [01;31m[K^~~~~~[m[K
      |                     [32m[KRCL_LOCAL[m[K
[01m[K/home/mrstalford/ros2_ws/src/pavbot_imu/src/pavbot_imu.cpp:92:30:[m[K [01;31m[Kerror: [m[Kâ€˜[01m[KCREAD[m[Kâ€™ was not declared in this scope
   92 |     tty.c_cflag |= (CLOCAL | [01;31m[KCREAD[m[K);
      |                              [01;31m[K^~~~~[m[K
[01m[K/home/mrstalford/ros2_ws/src/pavbot_imu/src/pavbot_imu.cpp:93:21:[m[K [01;31m[Kerror: [m[Kâ€˜[01m[KCSIZE[m[Kâ€™ was not declared in this scope
   93 |     tty.c_cflag &= ~[01;31m[KCSIZE[m[K;
      |                     [01;31m[K^~~~~[m[K
[01m[K/home/mrstalford/ros2_ws/src/pavbot_imu/src/pavbot_imu.cpp:94:20:[m[K [01;31m[Kerror: [m[Kâ€˜[01m[KCS8[m[Kâ€™ was not declared in this scope
   94 |     tty.c_cflag |= [01;31m[KCS8[m[K;
      |                    [01;31m[K^~~[m[K
[01m[K/home/mrstalford/ros2_ws/src/pavbot_imu/src/pavbot_imu.cpp:95:21:[m[K [01;31m[Kerror: [m[Kâ€˜[01m[KPARENB[m[Kâ€™ was not declared in this scope
   95 |     tty.c_cflag &= ~[01;31m[KPARENB[m[K;
      |                     [01;31m[K^~~~~~[m[K
[01m[K/home/mrstalford/ros2_ws/src/pavbot_imu/src/pavbot_imu.cpp:96:21:[m[K [01;31m[Kerror: [m[Kâ€˜[01m[KCSTOPB[m[Kâ€™ was not declared in this scope
   96 |     tty.c_cflag &= ~[01;31m[KCSTOPB[m[K;
      |                     [01;31m[K^~~~~~[m[K
[01m[K/home/mrstalford/ros2_ws/src/pavbot_imu/src/pavbot_imu.cpp:98:19:[m[K [01;31m[Kerror: [m[Kâ€˜[01m[KTCSANOW[m[Kâ€™ was not declared in this scope
   98 |     tcsetattr(fd, [01;31m[KTCSANOW[m[K, &tty);
      |                   [01;31m[K^~~~~~~[m[K
[01m[K/home/mrstalford/ros2_ws/src/pavbot_imu/src/pavbot_imu.cpp:98:5:[m[K [01;31m[Kerror: [m[Kâ€˜[01m[Ktcsetattr[m[Kâ€™ was not declared in this scope
   98 |     [01;31m[Ktcsetattr[m[K(fd, TCSANOW, &tty);
      |     [01;31m[K^~~~~~~~~[m[K
gmake[2]: *** [CMakeFiles/pavbot_imu.dir/build.make:76: CMakeFiles/pavbot_imu.dir/src/pavbot_imu.cpp.o] Error 1
gmake[1]: *** [CMakeFiles/Makefile2:137: CMakeFiles/pavbot_imu.dir/all] Error 2
gmake: *** [Makefile:146: all] Error 2
