[0.069s] Invoking command in '/home/mrstalford/ros2_ws/src/pavbot_imu/build/pavbot_imu': CMAKE_PREFIX_PATH=${CMAKE_PREFIX_PATH}:/opt/ros/humble /usr/bin/cmake --build /home/mrstalford/ros2_ws/src/pavbot_imu/build/pavbot_imu -- -j4 -l4
[0.336s] [35m[1mConsolidate compiler generated dependencies of target pavbot_imu[0m
[0.434s] [ 50%] [32mBuilding CXX object CMakeFiles/pavbot_imu.dir/src/pavbot_imu.cpp.o[0m
[11.171s] In file included from [01m[K/home/mrstalford/ros2_ws/src/pavbot_imu/src/pavbot_imu.cpp:17[m[K:
[11.172s] [01m[K/home/mrstalford/ros2_ws/src/pavbot_imu/src/imu.h:[m[K In member function â€˜[01m[Kstd::optional<double> IMU::readHeading()[m[Kâ€™:
[11.172s] [01m[K/home/mrstalford/ros2_ws/src/pavbot_imu/src/imu.h:93:30:[m[K [01;31m[Kerror: [m[Kâ€˜[01m[Ktoken[m[Kâ€™ was not declared in this scope
[11.173s]    93 |             std::getline(ss, [01;31m[Ktoken[m[K, ',');
[11.174s]       |                              [01;31m[K^~~~~[m[K
[11.193s] [01m[K/home/mrstalford/ros2_ws/src/pavbot_imu/src/imu.h:98:32:[m[K [01;31m[Kerror: [m[Kâ€˜[01m[Ktoken[m[Kâ€™ was not declared in this scope
[11.194s]    98 |         if (!(std::getline(ss, [01;31m[Ktoken[m[K, ',') && (roll = std::stod(token), true))) return std::nullopt;
[11.194s]       |                                [01;31m[K^~~~~[m[K
[11.214s] [01m[K/home/mrstalford/ros2_ws/src/pavbot_imu/src/imu.h:99:32:[m[K [01;31m[Kerror: [m[Kâ€˜[01m[Ktoken[m[Kâ€™ was not declared in this scope
[11.215s]    99 |         if (!(std::getline(ss, [01;31m[Ktoken[m[K, ',') && (pitch = std::stod(token), true))) return std::nullopt;
[11.215s]       |                                [01;31m[K^~~~~[m[K
[11.240s] [01m[K/home/mrstalford/ros2_ws/src/pavbot_imu/src/imu.h:100:32:[m[K [01;31m[Kerror: [m[Kâ€˜[01m[Ktoken[m[Kâ€™ was not declared in this scope
[11.240s]   100 |         if (!(std::getline(ss, [01;31m[Ktoken[m[K, ',') && (yaw = std::stod(token), true))) return std::nullopt;
[11.241s]       |                                [01;31m[K^~~~~[m[K
[14.646s] gmake[2]: *** [CMakeFiles/pavbot_imu.dir/build.make:76: CMakeFiles/pavbot_imu.dir/src/pavbot_imu.cpp.o] Error 1
[14.648s] gmake[1]: *** [CMakeFiles/Makefile2:137: CMakeFiles/pavbot_imu.dir/all] Error 2
[14.674s] gmake: *** [Makefile:146: all] Error 2
[14.675s] Invoked command in '/home/mrstalford/ros2_ws/src/pavbot_imu/build/pavbot_imu' returned '2': CMAKE_PREFIX_PATH=${CMAKE_PREFIX_PATH}:/opt/ros/humble /usr/bin/cmake --build /home/mrstalford/ros2_ws/src/pavbot_imu/build/pavbot_imu -- -j4 -l4
