[0.072s] Invoking command in '/home/mrstalford/ros2_ws/src/pavbot_imu/build/pavbot_imu': CMAKE_PREFIX_PATH=${CMAKE_PREFIX_PATH}:/opt/ros/humble /usr/bin/cmake --build /home/mrstalford/ros2_ws/src/pavbot_imu/build/pavbot_imu -- -j4 -l4
[0.262s] [35m[1mConsolidate compiler generated dependencies of target pavbot_imu[0m
[0.366s] [ 50%] [32mBuilding CXX object CMakeFiles/pavbot_imu.dir/src/pavbot_imu.cpp.o[0m
[12.009s] In file included from [01m[K/home/mrstalford/ros2_ws/src/pavbot_imu/src/imu.h:13[m[K,
[12.010s]                  from [01m[K/home/mrstalford/ros2_ws/src/pavbot_imu/src/pavbot_imu.cpp:16[m[K:
[12.011s] [01m[K/home/mrstalford/ros2_ws/src/pavbot_imu/src/imu_packet_builder.h:[m[K In static member function â€˜[01m[Kstatic std::vector<unsigned char, std::allocator<unsigned char> > ImuPacketBuilder::build(ImuCommand, const std::vector<unsigned char, std::allocator<unsigned char> >&)[m[Kâ€™:
[12.011s] [01m[K/home/mrstalford/ros2_ws/src/pavbot_imu/src/imu_packet_builder.h:24:25:[m[K [01;31m[Kerror: [m[Kno matching function for call to â€˜[01m[Kstd::vector<unsigned char, std::allocator<unsigned char> >::push_back(ImuCommand)[m[Kâ€™
[12.012s]    24 |         [01;31m[Kpacket.push_back(ImuCommand::StartByte)[m[K;
[12.012s]       |         [01;31m[K~~~~~~~~~~~~~~~~^~~~~~~~~~~~~~~~~~~~~~~[m[K
[12.013s] In file included from [01m[K/usr/include/c++/11/vector:67[m[K,
[12.013s]                  from [01m[K/usr/include/c++/11/functional:62[m[K,
[12.013s]                  from [01m[K/usr/include/c++/11/pstl/glue_algorithm_defs.h:13[m[K,
[12.014s]                  from [01m[K/usr/include/c++/11/algorithm:74[m[K,
[12.014s]                  from [01m[K/opt/ros/humble/include/rclcpp/rclcpp/executor.hpp:18[m[K,
[12.015s]                  from [01m[K/opt/ros/humble/include/rclcpp/rclcpp/executors/multi_threaded_executor.hpp:25[m[K,
[12.015s]                  from [01m[K/opt/ros/humble/include/rclcpp/rclcpp/executors.hpp:21[m[K,
[12.016s]                  from [01m[K/opt/ros/humble/include/rclcpp/rclcpp/rclcpp.hpp:155[m[K,
[12.016s]                  from [01m[K/home/mrstalford/ros2_ws/src/pavbot_imu/src/pavbot_imu.cpp:11[m[K:
[12.016s] [01m[K/usr/include/c++/11/bits/stl_vector.h:1187:7:[m[K [01;36m[Knote: [m[Kcandidate: â€˜[01m[Kvoid std::vector<_Tp, _Alloc>::push_back(const value_type&) [with _Tp = unsigned char; _Alloc = std::allocator<unsigned char>; std::vector<_Tp, _Alloc>::value_type = unsigned char][m[Kâ€™
[12.017s]  1187 |       [01;36m[Kpush_back[m[K(const value_type& __x)
[12.017s]       |       [01;36m[K^~~~~~~~~[m[K
[12.018s] [01m[K/usr/include/c++/11/bits/stl_vector.h:1187:35:[m[K [01;36m[Knote: [m[K  no known conversion for argument 1 from â€˜[01m[KImuCommand[m[Kâ€™ to â€˜[01m[Kconst value_type&[m[Kâ€™ {aka â€˜[01m[Kconst unsigned char&[m[Kâ€™}
[12.018s]  1187 |       push_back([01;36m[Kconst value_type& __x[m[K)
[12.019s]       |                 [01;36m[K~~~~~~~~~~~~~~~~~~^~~[m[K
[12.019s] [01m[K/usr/include/c++/11/bits/stl_vector.h:1203:7:[m[K [01;36m[Knote: [m[Kcandidate: â€˜[01m[Kvoid std::vector<_Tp, _Alloc>::push_back(std::vector<_Tp, _Alloc>::value_type&&) [with _Tp = unsigned char; _Alloc = std::allocator<unsigned char>; std::vector<_Tp, _Alloc>::value_type = unsigned char][m[Kâ€™
[12.019s]  1203 |       [01;36m[Kpush_back[m[K(value_type&& __x)
[12.020s]       |       [01;36m[K^~~~~~~~~[m[K
[12.020s] [01m[K/usr/include/c++/11/bits/stl_vector.h:1203:30:[m[K [01;36m[Knote: [m[K  no known conversion for argument 1 from â€˜[01m[KImuCommand[m[Kâ€™ to â€˜[01m[Kstd::vector<unsigned char, std::allocator<unsigned char> >::value_type&&[m[Kâ€™ {aka â€˜[01m[Kunsigned char&&[m[Kâ€™}
[12.021s]  1203 |       push_back([01;36m[Kvalue_type&& __x[m[K)
[12.021s]       |                 [01;36m[K~~~~~~~~~~~~~^~~[m[K
[15.373s] gmake[2]: *** [CMakeFiles/pavbot_imu.dir/build.make:76: CMakeFiles/pavbot_imu.dir/src/pavbot_imu.cpp.o] Error 1
[15.375s] gmake[1]: *** [CMakeFiles/Makefile2:137: CMakeFiles/pavbot_imu.dir/all] Error 2
[15.375s] gmake: *** [Makefile:146: all] Error 2
[15.386s] Invoked command in '/home/mrstalford/ros2_ws/src/pavbot_imu/build/pavbot_imu' returned '2': CMAKE_PREFIX_PATH=${CMAKE_PREFIX_PATH}:/opt/ros/humble /usr/bin/cmake --build /home/mrstalford/ros2_ws/src/pavbot_imu/build/pavbot_imu -- -j4 -l4
