[01m[K/home/mrstalford/ros2_ws/src/pavbot_imu/src/pavbot_imu.cpp:[m[K In member function â€˜[01m[Kvoid PavbotIMU::update()[m[Kâ€™:
[01m[K/home/mrstalford/ros2_ws/src/pavbot_imu/src/pavbot_imu.cpp:43:19:[m[K [01;31m[Kerror: [m[Kâ€˜[01m[Kclass PavbotIMU[m[Kâ€™ has no member named â€˜[01m[Kfd[m[Kâ€™
   43 |     tcflush(this->[01;31m[Kfd[m[K, TCIFLUSH);
      |                   [01;31m[K^~[m[K
gmake[2]: *** [CMakeFiles/pavbot_imu.dir/build.make:76: CMakeFiles/pavbot_imu.dir/src/pavbot_imu.cpp.o] Error 1
gmake[1]: *** [CMakeFiles/Makefile2:137: CMakeFiles/pavbot_imu.dir/all] Error 2
gmake: *** [Makefile:146: all] Error 2
