[0.073s] Invoking command in '/home/mrstalford/ros2_ws/src/pavbot_imu/build/pavbot_imu': CMAKE_PREFIX_PATH=${CMAKE_PREFIX_PATH}:/opt/ros/humble /usr/bin/cmake --build /home/mrstalford/ros2_ws/src/pavbot_imu/build/pavbot_imu -- -j4 -l4
[0.271s] [35m[1mConsolidate compiler generated dependencies of target pavbot_imu[0m
[0.377s] [ 50%] [32mBuilding CXX object CMakeFiles/pavbot_imu.dir/src/pavbot_imu.cpp.o[0m
[10.818s] [01m[K/home/mrstalford/ros2_ws/src/pavbot_imu/src/pavbot_imu.cpp:[m[K In member function â€˜[01m[Kvoid PavbotIMU::update()[m[Kâ€™:
[10.818s] [01m[K/home/mrstalford/ros2_ws/src/pavbot_imu/src/pavbot_imu.cpp:43:19:[m[K [01;31m[Kerror: [m[Kâ€˜[01m[Kclass PavbotIMU[m[Kâ€™ has no member named â€˜[01m[Kfd[m[Kâ€™
[10.819s]    43 |     tcflush(this->[01;31m[Kfd[m[K, TCIFLUSH);
[10.820s]       |                   [01;31m[K^~[m[K
[15.221s] gmake[2]: *** [CMakeFiles/pavbot_imu.dir/build.make:76: CMakeFiles/pavbot_imu.dir/src/pavbot_imu.cpp.o] Error 1
[15.222s] gmake[1]: *** [CMakeFiles/Makefile2:137: CMakeFiles/pavbot_imu.dir/all] Error 2
[15.222s] gmake: *** [Makefile:146: all] Error 2
[15.229s] Invoked command in '/home/mrstalford/ros2_ws/src/pavbot_imu/build/pavbot_imu' returned '2': CMAKE_PREFIX_PATH=${CMAKE_PREFIX_PATH}:/opt/ros/humble /usr/bin/cmake --build /home/mrstalford/ros2_ws/src/pavbot_imu/build/pavbot_imu -- -j4 -l4
