[0.067s] Invoking command in '/home/mrstalford/ros2_ws/src/pavbot_imu/build/pavbot_imu': CMAKE_PREFIX_PATH=${CMAKE_PREFIX_PATH}:/opt/ros/humble /usr/bin/cmake --build /home/mrstalford/ros2_ws/src/pavbot_imu/build/pavbot_imu -- -j4 -l4
[0.263s] [35m[1mConsolidate compiler generated dependencies of target pavbot_imu[0m
[0.366s] [ 50%] [32mBuilding CXX object CMakeFiles/pavbot_imu.dir/src/pavbot_imu.cpp.o[0m
[10.580s] In file included from [01m[K/home/mrstalford/ros2_ws/src/pavbot_imu/src/pavbot_imu.cpp:16[m[K:
[10.580s] [01m[K/home/mrstalford/ros2_ws/src/pavbot_imu/src/imu.h:[m[K In member function â€˜[01m[Kstd::optional<double> IMU::parseHeading()[m[Kâ€™:
[10.581s] [01m[K/home/mrstalford/ros2_ws/src/pavbot_imu/src/imu.h:112:26:[m[K [01;31m[Kerror: [m[Kno match for â€˜[01m[Koperator!=[m[Kâ€™ (operand types are â€˜[01m[K__gnu_cxx::__alloc_traits<std::allocator<unsigned char>, unsigned char>::value_type[m[Kâ€™ {aka â€˜[01m[Kunsigned char[m[Kâ€™} and â€˜[01m[KImuCommand[m[Kâ€™)
[10.581s]   112 |             if (rxBuf[0] != ImuCommand::StartByte) {
[10.604s] [01m[K/home/mrstalford/ros2_ws/src/pavbot_imu/src/imu.h:125:17:[m[K [01;31m[Kerror: [m[Kâ€˜[01m[Kcmd[m[Kâ€™ was not declared in this scope
[10.605s]   125 |             if ([01;31m[Kcmd[m[K == (static_cast<uint8_t>(ImuCommand::GetEulerAngles)
[10.605s]       |                 [01;31m[K^~~[m[K
[10.626s] [01m[K/home/mrstalford/ros2_ws/src/pavbot_imu/src/pavbot_imu.cpp:[m[K In member function â€˜[01m[Kvoid PavbotIMU::update()[m[Kâ€™:
[10.627s] [01m[K/home/mrstalford/ros2_ws/src/pavbot_imu/src/pavbot_imu.cpp:43:27:[m[K [01;31m[Kerror: [m[Kexpected unqualified-id before â€˜[01m[K=[m[Kâ€™ token
[10.628s]    43 |     std::optional<double> [01;31m[K=[m[K imu.readHeading();
[10.629s]       |                           [01;31m[K^[m[K
[10.630s] [01m[K/home/mrstalford/ros2_ws/src/pavbot_imu/src/pavbot_imu.cpp:45:17:[m[K [01;31m[Kerror: [m[Krequest for member â€˜[01m[Khas_value[m[Kâ€™ in â€˜[01m[K((PavbotIMU*)this)->PavbotIMU::heading[m[Kâ€™, which is of non-class type â€˜[01m[Kdouble[m[Kâ€™
[10.630s]    45 |     if (heading.[01;31m[Khas_value[m[K()) {
[10.631s]       |                 [01;31m[K^~~~~~~~~[m[K
[10.631s] [01m[K/home/mrstalford/ros2_ws/src/pavbot_imu/src/pavbot_imu.cpp:46:45:[m[K [01;31m[Kerror: [m[Krequest for member â€˜[01m[Kvalue[m[Kâ€™ in â€˜[01m[K((PavbotIMU*)this)->PavbotIMU::heading[m[Kâ€™, which is of non-class type â€˜[01m[Kdouble[m[Kâ€™
[10.632s]    46 | g.data = static_cast<float>(heading.[01;31m[Kvalue[m[K());
[10.632s]       |                                     [01;31m[K^~~~~[m[K
[10.633s] 
[13.950s] gmake[2]: *** [CMakeFiles/pavbot_imu.dir/build.make:76: CMakeFiles/pavbot_imu.dir/src/pavbot_imu.cpp.o] Error 1
[13.951s] gmake[1]: *** [CMakeFiles/Makefile2:137: CMakeFiles/pavbot_imu.dir/all] Error 2
[13.952s] gmake: *** [Makefile:146: all] Error 2
[13.959s] Invoked command in '/home/mrstalford/ros2_ws/src/pavbot_imu/build/pavbot_imu' returned '2': CMAKE_PREFIX_PATH=${CMAKE_PREFIX_PATH}:/opt/ros/humble /usr/bin/cmake --build /home/mrstalford/ros2_ws/src/pavbot_imu/build/pavbot_imu -- -j4 -l4
