[0.068s] Invoking command in '/home/mrstalford/ros2_ws/src/pavbot_imu/build/pavbot_imu': CMAKE_PREFIX_PATH=${CMAKE_PREFIX_PATH}:/opt/ros/humble /usr/bin/cmake --build /home/mrstalford/ros2_ws/src/pavbot_imu/build/pavbot_imu -- -j4 -l4
[0.261s] [35m[1mConsolidate compiler generated dependencies of target pavbot_imu[0m
[0.361s] [ 50%] [32mBuilding CXX object CMakeFiles/pavbot_imu.dir/src/pavbot_imu.cpp.o[0m
[10.553s] [01m[K/home/mrstalford/ros2_ws/src/pavbot_imu/src/pavbot_imu.cpp:80:5:[m[K [01;31m[Kerror: [m[Kâ€˜[01m[Kfd[m[Kâ€™ does not name a type
[10.554s]    80 |     [01;31m[Kfd[m[K = ::open(port.c_str(), O_RDONLY | O_NOCTTY | O_SYNC);
[10.555s]       |     [01;31m[K^~[m[K
[10.555s] [01m[K/home/mrstalford/ros2_ws/src/pavbot_imu/src/pavbot_imu.cpp:81:5:[m[K [01;31m[Kerror: [m[Kexpected unqualified-id before â€˜[01m[Kif[m[Kâ€™
[10.556s]    81 |     [01;31m[Kif[m[K (fd < 0) {
[10.556s]       |     [01;31m[K^~[m[K
[10.557s] [01m[K/home/mrstalford/ros2_ws/src/pavbot_imu/src/pavbot_imu.cpp:83:7:[m[K [01;31m[Kerror: [m[Kexpected unqualified-id before â€˜[01m[Kelse[m[Kâ€™
[10.558s]    83 |     } [01;31m[Kelse[m[K {
[10.559s]       |       [01;31m[K^~~~[m[K
[10.559s] [01m[K/home/mrstalford/ros2_ws/src/pavbot_imu/src/pavbot_imu.cpp:87:20:[m[K [01;31m[Kerror: [m[Kfield â€˜[01m[Ktty[m[Kâ€™ has incomplete type â€˜[01m[Ktermios[m[Kâ€™
[10.560s]    87 |     struct termios [01;31m[Ktty[m[K{};
[10.560s]       |                    [01;31m[K^~~[m[K
[10.561s] [01m[K/home/mrstalford/ros2_ws/src/pavbot_imu/src/pavbot_imu.cpp:87:12:[m[K [01;36m[Knote: [m[Kforward declaration of â€˜[01m[Kstruct termios[m[Kâ€™
[10.561s]    87 |     struct [01;36m[Ktermios[m[K tty{};
[10.562s]       |            [01;36m[K^~~~~~~[m[K
[10.563s] [01m[K/home/mrstalford/ros2_ws/src/pavbot_imu/src/pavbot_imu.cpp:88:15:[m[K [01;31m[Kerror: [m[Kâ€˜[01m[Kfd[m[Kâ€™ is not a type
[10.564s]    88 |     tcgetattr([01;31m[Kfd[m[K, &tty);
[10.565s]       |               [01;31m[K^~[m[K
[10.565s] [01m[K/home/mrstalford/ros2_ws/src/pavbot_imu/src/pavbot_imu.cpp:88:19:[m[K [01;31m[Kerror: [m[Kexpected identifier before â€˜[01m[K&[m[Kâ€™ token
[10.566s]    88 |     tcgetattr(fd, [01;31m[K&[m[Ktty);
[10.566s]       |                   [01;31m[K^[m[K
[10.567s] [01m[K/home/mrstalford/ros2_ws/src/pavbot_imu/src/pavbot_imu.cpp:88:5:[m[K [01;31m[Kerror: [m[KISO C++ forbids declaration of â€˜[01m[Ktcgetattr[m[Kâ€™ with no type [[01;31m[K]8;;https://gcc.gnu.org/onlinedocs/gcc/Warning-Options.html#index-fpermissive-fpermissive]8;;[m[K]
[10.568s]    88 |     [01;31m[Ktcgetattr[m[K(fd, &tty);
[10.568s]       |     [01;31m[K^~~~~~~~~[m[K
[10.569s] [01m[K/home/mrstalford/ros2_ws/src/pavbot_imu/src/pavbot_imu.cpp:90:17:[m[K [01;31m[Kerror: [m[Kexpected identifier before â€˜[01m[K&[m[Kâ€™ token
[10.569s]    90 |     cfsetospeed([01;31m[K&[m[Ktty, B115200);
[10.570s]       |                 [01;31m[K^[m[K
[10.570s] [01m[K/home/mrstalford/ros2_ws/src/pavbot_imu/src/pavbot_imu.cpp:90:23:[m[K [01;31m[Kerror: [m[Kâ€˜[01m[KB115200[m[Kâ€™ has not been declared
[10.571s]    90 |     cfsetospeed(&tty, [01;31m[KB115200[m[K);
[10.572s]       |                       [01;31m[K^~~~~~~[m[K
[10.573s] [01m[K/home/mrstalford/ros2_ws/src/pavbot_imu/src/pavbot_imu.cpp:90:5:[m[K [01;31m[Kerror: [m[KISO C++ forbids declaration of â€˜[01m[Kcfsetospeed[m[Kâ€™ with no type [[01;31m[K]8;;https://gcc.gnu.org/onlinedocs/gcc/Warning-Options.html#index-fpermissive-fpermissive]8;;[m[K]
[10.573s]    90 |     [01;31m[Kcfsetospeed[m[K(&tty, B115200);
[10.574s]       |     [01;31m[K^~~~~~~~~~~[m[K
[10.574s] [01m[K/home/mrstalford/ros2_ws/src/pavbot_imu/src/pavbot_imu.cpp:91:17:[m[K [01;31m[Kerror: [m[Kexpected identifier before â€˜[01m[K&[m[Kâ€™ token
[10.575s]    91 |     cfsetispeed([01;31m[K&[m[Ktty, B115200);
[10.576s]       |                 [01;31m[K^[m[K
[10.577s] [01m[K/home/mrstalford/ros2_ws/src/pavbot_imu/src/pavbot_imu.cpp:91:23:[m[K [01;31m[Kerror: [m[Kâ€˜[01m[KB115200[m[Kâ€™ has not been declared
[10.577s]    91 |     cfsetispeed(&tty, [01;31m[KB115200[m[K);
[10.578s]       |                       [01;31m[K^~~~~~~[m[K
[10.579s] [01m[K/home/mrstalford/ros2_ws/src/pavbot_imu/src/pavbot_imu.cpp:91:5:[m[K [01;31m[Kerror: [m[KISO C++ forbids declaration of â€˜[01m[Kcfsetispeed[m[Kâ€™ with no type [[01;31m[K]8;;https://gcc.gnu.org/onlinedocs/gcc/Warning-Options.html#index-fpermissive-fpermissive]8;;[m[K]
[10.580s]    91 |     [01;31m[Kcfsetispeed[m[K(&tty, B115200);
[10.580s]       |     [01;31m[K^~~~~~~~~~~[m[K
[10.580s] [01m[K/home/mrstalford/ros2_ws/src/pavbot_imu/src/pavbot_imu.cpp:93:5:[m[K [01;31m[Kerror: [m[Kâ€˜[01m[Ktty[m[Kâ€™ does not name a type
[10.581s]    93 |     [01;31m[Ktty[m[K.c_cflag |= (CLOCAL | CREAD);
[10.583s]       |     [01;31m[K^~~[m[K
[10.584s] [01m[K/home/mrstalford/ros2_ws/src/pavbot_imu/src/pavbot_imu.cpp:94:5:[m[K [01;31m[Kerror: [m[Kâ€˜[01m[Ktty[m[Kâ€™ does not name a type
[10.586s]    94 |     [01;31m[Ktty[m[K.c_cflag &= ~CSIZE;
[10.587s]       |     [01;31m[K^~~[m[K
[10.588s] [01m[K/home/mrstalford/ros2_ws/src/pavbot_imu/src/pavbot_imu.cpp:95:5:[m[K [01;31m[Kerror: [m[Kâ€˜[01m[Ktty[m[Kâ€™ does not name a type
[10.588s]    95 |     [01;31m[Ktty[m[K.c_cflag |= CS8;
[10.588s]       |     [01;31m[K^~~[m[K
[10.589s] [01m[K/home/mrstalford/ros2_ws/src/pavbot_imu/src/pavbot_imu.cpp:96:5:[m[K [01;31m[Kerror: [m[Kâ€˜[01m[Ktty[m[Kâ€™ does not name a type
[10.589s]    96 |     [01;31m[Ktty[m[K.c_cflag &= ~PARENB;
[10.590s]       |     [01;31m[K^~~[m[K
[10.590s] [01m[K/home/mrstalford/ros2_ws/src/pavbot_imu/src/pavbot_imu.cpp:97:5:[m[K [01;31m[Kerror: [m[Kâ€˜[01m[Ktty[m[Kâ€™ does not name a type
[10.591s]    97 |     [01;31m[Ktty[m[K.c_cflag &= ~CSTOPB;
[10.591s]       |     [01;31m[K^~~[m[K
[10.591s] [01m[K/home/mrstalford/ros2_ws/src/pavbot_imu/src/pavbot_imu.cpp:99:15:[m[K [01;31m[Kerror: [m[Kâ€˜[01m[Kfd[m[Kâ€™ is not a type
[10.592s]    99 |     tcsetattr([01;31m[Kfd[m[K, TCSANOW, &tty);
[10.593s]       |               [01;31m[K^~[m[K
[10.594s] [01m[K/home/mrstalford/ros2_ws/src/pavbot_imu/src/pavbot_imu.cpp:99:19:[m[K [01;31m[Kerror: [m[Kâ€˜[01m[KTCSANOW[m[Kâ€™ has not been declared
[10.594s]    99 |     tcsetattr(fd, [01;31m[KTCSANOW[m[K, &tty);
[10.594s]       |                   [01;31m[K^~~~~~~[m[K
[10.595s] [01m[K/home/mrstalford/ros2_ws/src/pavbot_imu/src/pavbot_imu.cpp:99:28:[m[K [01;31m[Kerror: [m[Kexpected identifier before â€˜[01m[K&[m[Kâ€™ token
[10.595s]    99 |     tcsetattr(fd, TCSANOW, [01;31m[K&[m[Ktty);
[10.596s]       |                            [01;31m[K^[m[K
[10.596s] [01m[K/home/mrstalford/ros2_ws/src/pavbot_imu/src/pavbot_imu.cpp:99:5:[m[K [01;31m[Kerror: [m[KISO C++ forbids declaration of â€˜[01m[Ktcsetattr[m[Kâ€™ with no type [[01;31m[K]8;;https://gcc.gnu.org/onlinedocs/gcc/Warning-Options.html#index-fpermissive-fpermissive]8;;[m[K]
[10.597s]    99 |     [01;31m[Ktcsetattr[m[K(fd, TCSANOW, &tty);
[10.597s]       |     [01;31m[K^~~~~~~~~[m[K
[10.598s] [01m[K/home/mrstalford/ros2_ws/src/pavbot_imu/src/pavbot_imu.cpp:[m[K In member function â€˜[01m[Kvoid PavbotIMU::update()[m[Kâ€™:
[10.598s] [01m[K/home/mrstalford/ros2_ws/src/pavbot_imu/src/pavbot_imu.cpp:49:21:[m[K [01;31m[Kerror: [m[Kno matching function for call to â€˜[01m[Krclcpp::Publisher<std_msgs::msg::Bool_<std::allocator<void> > >::publish(std_msgs::msg::Float32&)[m[Kâ€™
[10.599s]    49 |     [01;31m[Kimu_pub->publish(msg)[m[K;
[10.599s]       |     [01;31m[K~~~~~~~~~~~~~~~~^~~~~[m[K
[10.600s] In file included from [01m[K/opt/ros/humble/include/rclcpp/rclcpp/topic_statistics/subscription_topic_statistics.hpp:31[m[K,
[10.600s]                  from [01m[K/opt/ros/humble/include/rclcpp/rclcpp/subscription.hpp:50[m[K,
[10.600s]                  from [01m[K/opt/ros/humble/include/rclcpp/rclcpp/any_executable.hpp:25[m[K,
[10.601s]                  from [01m[K/opt/ros/humble/include/rclcpp/rclcpp/memory_strategy.hpp:25[m[K,
[10.601s]                  from [01m[K/opt/ros/humble/include/rclcpp/rclcpp/memory_strategies.hpp:18[m[K,
[10.602s]                  from [01m[K/opt/ros/humble/include/rclcpp/rclcpp/executor_options.hpp:20[m[K,
[10.602s]                  from [01m[K/opt/ros/humble/include/rclcpp/rclcpp/executor.hpp:37[m[K,
[10.603s]                  from [01m[K/opt/ros/humble/include/rclcpp/rclcpp/executors/multi_threaded_executor.hpp:25[m[K,
[10.603s]                  from [01m[K/opt/ros/humble/include/rclcpp/rclcpp/executors.hpp:21[m[K,
[10.604s]                  from [01m[K/opt/ros/humble/include/rclcpp/rclcpp/rclcpp.hpp:155[m[K,
[10.604s]                  from [01m[K/home/mrstalford/ros2_ws/src/pavbot_imu/src/pavbot_imu.cpp:11[m[K:
[10.605s] [01m[K/opt/ros/humble/include/rclcpp/rclcpp/publisher.hpp:254:3:[m[K [01;36m[Knote: [m[Kcandidate: â€˜[01m[Ktemplate<class T> std::enable_if_t<(rosidl_generator_traits::is_message<T>::value && std::is_same<T, typename rclcpp::TypeAdapter<MessageT>::ros_message_type>::value)> rclcpp::Publisher<MessageT, AllocatorT>::publish(std::unique_ptr<T, typename std::conditional<std::is_same<typename std::allocator_traits<typename std::allocator_traits<_Allocator>::rebind_traits<typename rclcpp::TypeAdapter<MessageT, void, void>::ros_message_type>::allocator_type>::rebind_alloc<typename rclcpp::TypeAdapter<MessageT, void, void>::ros_message_type>, std::allocator<typename rclcpp::TypeAdapter<MessageT>::ros_message_type> >::value, std::default_delete<typename rclcpp::TypeAdapter<MessageT>::ros_message_type>, rclcpp::allocator::AllocatorDeleter<typename std::allocator_traits<_Allocator>::rebind_traits<typename rclcpp::TypeAdapter<MessageT, void, void>::ros_message_type>::allocator_type> >::type>) [with T = T; MessageT = std_msgs::msg::Bool_<std::allocator<void> >; AllocatorT = std::allocator<void>][m[Kâ€™
[10.605s]   254 |   [01;36m[Kpublish[m[K(std::unique_ptr<T, ROSMessageTypeDeleter> msg)
[10.606s]       |   [01;36m[K^~~~~~~[m[K
[10.606s] [01m[K/opt/ros/humble/include/rclcpp/rclcpp/publisher.hpp:254:3:[m[K [01;36m[Knote: [m[K  template argument deduction/substitution failed:
[10.607s] [01m[K/home/mrstalford/ros2_ws/src/pavbot_imu/src/pavbot_imu.cpp:49:21:[m[K [01;36m[Knote: [m[K  â€˜[01m[Kstd_msgs::msg::Float32_<std::allocator<void> >[m[Kâ€™ is not derived from â€˜[01m[Kstd::unique_ptr<T, std::default_delete<std_msgs::msg::Bool_<std::allocator<void> > > >[m[Kâ€™
[10.607s]    49 |     [01;36m[Kimu_pub->publish(msg)[m[K;
[10.608s]       |     [01;36m[K~~~~~~~~~~~~~~~~^~~~~[m[K
[10.608s] In file included from [01m[K/opt/ros/humble/include/rclcpp/rclcpp/topic_statistics/subscription_topic_statistics.hpp:31[m[K,
[10.608s]                  from [01m[K/opt/ros/humble/include/rclcpp/rclcpp/subscription.hpp:50[m[K,
[10.609s]                  from [01m[K/opt/ros/humble/include/rclcpp/rclcpp/any_executable.hpp:25[m[K,
[10.609s]                  from [01m[K/opt/ros/humble/include/rclcpp/rclcpp/memory_strategy.hpp:25[m[K,
[10.610s]                  from [01m[K/opt/ros/humble/include/rclcpp/rclcpp/memory_strategies.hpp:18[m[K,
[10.610s]                  from [01m[K/opt/ros/humble/include/rclcpp/rclcpp/executor_options.hpp:20[m[K,
[10.611s]                  from [01m[K/opt/ros/humble/include/rclcpp/rclcpp/executor.hpp:37[m[K,
[10.611s]                  from [01m[K/opt/ros/humble/include/rclcpp/rclcpp/executors/multi_threaded_executor.hpp:25[m[K,
[10.611s]                  from [01m[K/opt/ros/humble/include/rclcpp/rclcpp/executors.hpp:21[m[K,
[10.612s]                  from [01m[K/opt/ros/humble/include/rclcpp/rclcpp/rclcpp.hpp:155[m[K,
[10.612s]                  from [01m[K/home/mrstalford/ros2_ws/src/pavbot_imu/src/pavbot_imu.cpp:11[m[K:
[10.613s] [01m[K/opt/ros/humble/include/rclcpp/rclcpp/publisher.hpp:295:3:[m[K [01;36m[Knote: [m[Kcandidate: â€˜[01m[Ktemplate<class T> std::enable_if_t<(rosidl_generator_traits::is_message<T>::value && std::is_same<T, typename rclcpp::TypeAdapter<MessageT>::ros_message_type>::value)> rclcpp::Publisher<MessageT, AllocatorT>::publish(const T&) [with T = T; MessageT = std_msgs::msg::Bool_<std::allocator<void> >; AllocatorT = std::allocator<void>][m[Kâ€™
[10.613s]   295 |   [01;36m[Kpublish[m[K(const T & msg)
[10.614s]       |   [01;36m[K^~~~~~~[m[K
[10.615s] [01m[K/opt/ros/humble/include/rclcpp/rclcpp/publisher.hpp:295:3:[m[K [01;36m[Knote: [m[K  template argument deduction/substitution failed:
[10.615s] In file included from [01m[K/usr/include/c++/11/bits/move.h:57[m[K,
[10.616s]                  from [01m[K/usr/include/c++/11/bits/stl_pair.h:59[m[K,
[10.616s]                  from [01m[K/usr/include/c++/11/bits/stl_algobase.h:64[m[K,
[10.617s]                  from [01m[K/usr/include/c++/11/memory:63[m[K,
[10.618s]                  from [01m[K/opt/ros/humble/include/rclcpp/rclcpp/rclcpp.hpp:153[m[K,
[10.620s]                  from [01m[K/home/mrstalford/ros2_ws/src/pavbot_imu/src/pavbot_imu.cpp:11[m[K:
[10.620s] /usr/include/c++/11/type_traits: In substitution of â€˜[01m[Ktemplate<bool _Cond, class _Tp> using enable_if_t = typename std::enable_if::type [with bool _Cond = false; _Tp = void][m[Kâ€™:
[10.621s] [01m[K/opt/ros/humble/include/rclcpp/rclcpp/publisher.hpp:295:3:[m[K   required by substitution of â€˜[01m[Ktemplate<class T> std::enable_if_t<(rosidl_generator_traits::is_message<T>::value && std::is_same<T, std_msgs::msg::Bool_<std::allocator<void> > >::value), void> rclcpp::Publisher<std_msgs::msg::Bool_<std::allocator<void> > >::publish<T>(const T&) [with T = std_msgs::msg::Float32_<std::allocator<void> >][m[Kâ€™
[10.622s] [01m[K/home/mrstalford/ros2_ws/src/pavbot_imu/src/pavbot_imu.cpp:49:21:[m[K   required from here
[10.623s] [01m[K/usr/include/c++/11/type_traits:2579:11:[m[K [01;31m[Kerror: [m[Kno type named â€˜[01m[Ktype[m[Kâ€™ in â€˜[01m[Kstruct std::enable_if<false, void>[m[Kâ€™
[10.623s]  2579 |     using [01;31m[Kenable_if_t[m[K = typename enable_if<_Cond, _Tp>::type;
[10.627s]       |           [01;31m[K^~~~~~~~~~~[m[K
[10.628s] In file included from [01m[K/opt/ros/humble/include/rclcpp/rclcpp/topic_statistics/subscription_topic_statistics.hpp:31[m[K,
[10.628s]                  from [01m[K/opt/ros/humble/include/rclcpp/rclcpp/subscription.hpp:50[m[K,
[10.629s]                  from [01m[K/opt/ros/humble/include/rclcpp/rclcpp/any_executable.hpp:25[m[K,
[10.629s]                  from [01m[K/opt/ros/humble/include/rclcpp/rclcpp/memory_strategy.hpp:25[m[K,
[10.630s]                  from [01m[K/opt/ros/humble/include/rclcpp/rclcpp/memory_strategies.hpp:18[m[K,
[10.631s]                  from [01m[K/opt/ros/humble/include/rclcpp/rclcpp/executor_options.hpp:20[m[K,
[10.632s]                  from [01m[K/opt/ros/humble/include/rclcpp/rclcpp/executor.hpp:37[m[K,
[10.633s]                  from [01m[K/opt/ros/humble/include/rclcpp/rclcpp/executors/multi_threaded_executor.hpp:25[m[K,
[10.633s]                  from [01m[K/opt/ros/humble/include/rclcpp/rclcpp/executors.hpp:21[m[K,
[10.633s]                  from [01m[K/opt/ros/humble/include/rclcpp/rclcpp/rclcpp.hpp:155[m[K,
[10.634s]                  from [01m[K/home/mrstalford/ros2_ws/src/pavbot_imu/src/pavbot_imu.cpp:11[m[K:
[10.634s] [01m[K/opt/ros/humble/include/rclcpp/rclcpp/publisher.hpp:325:3:[m[K [01;36m[Knote: [m[Kcandidate: â€˜[01m[Ktemplate<class T> std::enable_if_t<(typename rclcpp::TypeAdapter<MessageT>::is_specialized::value && std::is_same<T, typename rclcpp::TypeAdapter<MessageT>::custom_type>::value)> rclcpp::Publisher<MessageT, AllocatorT>::publish(std::unique_ptr<T, typename std::conditional<std::is_same<typename std::allocator_traits<typename std::allocator_traits<_Allocator>::rebind_traits<typename rclcpp::TypeAdapter<MessageT, void, void>::custom_type>::allocator_type>::rebind_alloc<typename rclcpp::TypeAdapter<MessageT, void, void>::custom_type>, std::allocator<typename rclcpp::TypeAdapter<MessageT>::custom_type> >::value, std::default_delete<typename rclcpp::TypeAdapter<MessageT>::custom_type>, rclcpp::allocator::AllocatorDeleter<typename std::allocator_traits<_Allocator>::rebind_traits<typename rclcpp::TypeAdapter<MessageT, void, void>::custom_type>::allocator_type> >::type>) [with T = T; MessageT = std_msgs::msg::Bool_<std::allocator<void> >; AllocatorT = std::allocator<void>][m[Kâ€™
[10.635s]   325 |   [01;36m[Kpublish[m[K(std::unique_ptr<T, PublishedTypeDeleter> msg)
[10.635s]       |   [01;36m[K^~~~~~~[m[K
[10.636s] [01m[K/opt/ros/humble/include/rclcpp/rclcpp/publisher.hpp:325:3:[m[K [01;36m[Knote: [m[K  template argument deduction/substitution failed:
[10.636s] [01m[K/home/mrstalford/ros2_ws/src/pavbot_imu/src/pavbot_imu.cpp:49:21:[m[K [01;36m[Knote: [m[K  â€˜[01m[Kstd_msgs::msg::Float32_<std::allocator<void> >[m[Kâ€™ is not derived from â€˜[01m[Kstd::unique_ptr<T, std::default_delete<std_msgs::msg::Bool_<std::allocator<void> > > >[m[Kâ€™
[10.637s]    49 |     [01;36m[Kimu_pub->publish(msg)[m[K;
[10.637s]       |     [01;36m[K~~~~~~~~~~~~~~~~^~~~~[m[K
[10.637s] In file included from [01m[K/opt/ros/humble/include/rclcpp/rclcpp/topic_statistics/subscription_topic_statistics.hpp:31[m[K,
[10.638s]                  from [01m[K/opt/ros/humble/include/rclcpp/rclcpp/subscription.hpp:50[m[K,
[10.638s]                  from [01m[K/opt/ros/humble/include/rclcpp/rclcpp/any_executable.hpp:25[m[K,
[10.638s]                  from [01m[K/opt/ros/humble/include/rclcpp/rclcpp/memory_strategy.hpp:25[m[K,
[10.639s]                  from [01m[K/opt/ros/humble/include/rclcpp/rclcpp/memory_strategies.hpp:18[m[K,
[10.639s]                  from [01m[K/opt/ros/humble/include/rclcpp/rclcpp/executor_options.hpp:20[m[K,
[10.640s]                  from [01m[K/opt/ros/humble/include/rclcpp/rclcpp/executor.hpp:37[m[K,
[10.640s]                  from [01m[K/opt/ros/humble/include/rclcpp/rclcpp/executors/multi_threaded_executor.hpp:25[m[K,
[10.640s]                  from [01m[K/opt/ros/humble/include/rclcpp/rclcpp/executors.hpp:21[m[K,
[10.641s]                  from [01m[K/opt/ros/humble/include/rclcpp/rclcpp/rclcpp.hpp:155[m[K,
[10.641s]                  from [01m[K/home/mrstalford/ros2_ws/src/pavbot_imu/src/pavbot_imu.cpp:11[m[K:
[10.642s] [01m[K/opt/ros/humble/include/rclcpp/rclcpp/publisher.hpp:367:3:[m[K [01;36m[Knote: [m[Kcandidate: â€˜[01m[Ktemplate<class T> std::enable_if_t<(typename rclcpp::TypeAdapter<MessageT>::is_specialized::value && std::is_same<T, typename rclcpp::TypeAdapter<MessageT>::custom_type>::value)> rclcpp::Publisher<MessageT, AllocatorT>::publish(const T&) [with T = T; MessageT = std_msgs::msg::Bool_<std::allocator<void> >; AllocatorT = std::allocator<void>][m[Kâ€™
[10.642s]   367 |   [01;36m[Kpublish[m[K(const T & msg)
[10.643s]       |   [01;36m[K^~~~~~~[m[K
[10.643s] [01m[K/opt/ros/humble/include/rclcpp/rclcpp/publisher.hpp:367:3:[m[K [01;36m[Knote: [m[K  template argument deduction/substitution failed:
[10.644s] [01m[K/opt/ros/humble/include/rclcpp/rclcpp/publisher.hpp:386:3:[m[K [01;36m[Knote: [m[Kcandidate: â€˜[01m[Kvoid rclcpp::Publisher<MessageT, AllocatorT>::publish(const rcl_serialized_message_t&) [with MessageT = std_msgs::msg::Bool_<std::allocator<void> >; AllocatorT = std::allocator<void>; rcl_serialized_message_t = rcutils_uint8_array_s][m[Kâ€™
[10.644s]   386 |   [01;36m[Kpublish[m[K(const rcl_serialized_message_t & serialized_msg)
[10.645s]       |   [01;36m[K^~~~~~~[m[K
[10.645s] [01m[K/opt/ros/humble/include/rclcpp/rclcpp/publisher.hpp:386:44:[m[K [01;36m[Knote: [m[K  no known conversion for argument 1 from â€˜[01m[Kstd_msgs::msg::Float32[m[Kâ€™ {aka â€˜[01m[Kstd_msgs::msg::Float32_<std::allocator<void> >[m[Kâ€™} to â€˜[01m[Kconst rcl_serialized_message_t&[m[Kâ€™ {aka â€˜[01m[Kconst rcutils_uint8_array_s&[m[Kâ€™}
[10.645s]   386 | ublish([01;36m[Kconst rcl_serialized_message_t & serialized_msg[m[K)
[10.646s]       |        [01;36m[K~~~~~~~~~~~~~~~~~~~~~~~~~~~~~~~~~^~~~~~~~~~~~~~[m[K
[10.646s] 
[10.647s] [01m[K/opt/ros/humble/include/rclcpp/rclcpp/publisher.hpp:392:3:[m[K [01;36m[Knote: [m[Kcandidate: â€˜[01m[Kvoid rclcpp::Publisher<MessageT, AllocatorT>::publish(const rclcpp::SerializedMessage&) [with MessageT = std_msgs::msg::Bool_<std::allocator<void> >; AllocatorT = std::allocator<void>][m[Kâ€™
[10.647s]   392 |   [01;36m[Kpublish[m[K(const SerializedMessage & serialized_msg)
[10.648s]       |   [01;36m[K^~~~~~~[m[K
[10.648s] [01m[K/opt/ros/humble/include/rclcpp/rclcpp/publisher.hpp:392:37:[m[K [01;36m[Knote: [m[K  no known conversion for argument 1 from â€˜[01m[Kstd_msgs::msg::Float32[m[Kâ€™ {aka â€˜[01m[Kstd_msgs::msg::Float32_<std::allocator<void> >[m[Kâ€™} to â€˜[01m[Kconst rclcpp::SerializedMessage&[m[Kâ€™
[10.648s]   392 |   publish([01;36m[Kconst SerializedMessage & serialized_msg[m[K)
[10.649s]       |           [01;36m[K~~~~~~~~~~~~~~~~~~~~~~~~~~^~~~~~~~~~~~~~[m[K
[10.649s] [01m[K/opt/ros/humble/include/rclcpp/rclcpp/publisher.hpp:406:3:[m[K [01;36m[Knote: [m[Kcandidate: â€˜[01m[Kvoid rclcpp::Publisher<MessageT, AllocatorT>::publish(rclcpp::LoanedMessage<typename rclcpp::TypeAdapter<MessageT>::ros_message_type, AllocatorT>&&) [with MessageT = std_msgs::msg::Bool_<std::allocator<void> >; AllocatorT = std::allocator<void>; typename rclcpp::TypeAdapter<MessageT>::ros_message_type = std_msgs::msg::Bool_<std::allocator<void> >][m[Kâ€™
[10.650s]   406 |   [01;36m[Kpublish[m[K(rclcpp::LoanedMessage<ROSMessageType, AllocatorT> && loaned_msg)
[10.650s]       |   [01;36m[K^~~~~~~[m[K
[10.651s] [01m[K/opt/ros/humble/include/rclcpp/rclcpp/publisher.hpp:406:64:[m[K [01;36m[Knote: [m[K  no known conversion for argument 1 from â€˜[01m[Kstd_msgs::msg::Float32[m[Kâ€™ {aka â€˜[01m[Kstd_msgs::msg::Float32_<std::allocator<void> >[m[Kâ€™} to â€˜[01m[Krclcpp::LoanedMessage<std_msgs::msg::Bool_<std::allocator<void> >, std::allocator<void> >&&[m[Kâ€™
[10.651s]   406 | [01;36m[KdMessage<ROSMessageType, AllocatorT> && loaned_msg[m[K)
[10.652s]       | [01;36m[K~~~~~~~~~~~~~~~~~~~~~~~~~~~~~~~~~~~~~~~~^~~~~~~~~~[m[K
[10.652s] 
[13.432s] gmake[2]: *** [CMakeFiles/pavbot_imu.dir/build.make:76: CMakeFiles/pavbot_imu.dir/src/pavbot_imu.cpp.o] Error 1
[13.433s] gmake[1]: *** [CMakeFiles/Makefile2:137: CMakeFiles/pavbot_imu.dir/all] Error 2
[13.434s] gmake: *** [Makefile:146: all] Error 2
[13.447s] Invoked command in '/home/mrstalford/ros2_ws/src/pavbot_imu/build/pavbot_imu' returned '2': CMAKE_PREFIX_PATH=${CMAKE_PREFIX_PATH}:/opt/ros/humble /usr/bin/cmake --build /home/mrstalford/ros2_ws/src/pavbot_imu/build/pavbot_imu -- -j4 -l4
